#
# There is insufficient memory for the Java Runtime Environment to continue.
# Native memory allocation (malloc) failed to allocate 1113216 bytes for Chunk::new
# Possible reasons:
#   The system is out of physical RAM or swap space
#   The process is running with CompressedOops enabled, and the Java Heap may be blocking the growth of the native heap
# Possible solutions:
#   Reduce memory load on the system
#   Increase physical memory or swap space
#   Check if swap backing store is full
#   Decrease Java heap size (-Xmx/-Xms)
#   Decrease number of Java threads
#   Decrease Java thread stack sizes (-Xss)
#   Set larger code cache with -XX:ReservedCodeCacheSize=
#   JVM is running with Unscaled Compressed Oops mode in which the Java heap is
#     placed in the first 4GB address space. The Java Heap base address is the
#     maximum limit for the native heap growth. Please use -XX:HeapBaseMinAddress
#     to set the Java Heap base and to place the Java Heap above 4GB virtual address.
# This output file may be truncated or incomplete.
#
#  Out of Memory Error (./src/hotspot/share/memory/arena.cpp:197), pid=7784, tid=28588
#
# JRE version: OpenJDK Runtime Environment (11.0.13) (build 11.0.13+0-b1751.21-8125866)
# Java VM: OpenJDK 64-Bit Server VM (11.0.13+0-b1751.21-8125866, mixed mode, tiered, compressed oops, g1 gc, windows-amd64)
# No core dump will be written. Minidumps are not enabled by default on client versions of Windows
#

---------------  S U M M A R Y ------------

Command Line: --add-opens=java.base/java.util=ALL-UNNAMED --add-opens=java.base/java.lang=ALL-UNNAMED --add-opens=java.base/java.lang.invoke=ALL-UNNAMED --add-opens=java.base/java.util=ALL-UNNAMED --add-opens=java.prefs/java.util.prefs=ALL-UNNAMED --add-opens=java.prefs/java.util.prefs=ALL-UNNAMED --add-opens=java.base/java.nio.charset=ALL-UNNAMED --add-opens=java.base/java.net=ALL-UNNAMED --add-opens=java.base/java.util.concurrent.atomic=ALL-UNNAMED -Xmx2048m -Dfile.encoding=UTF-8 -Duser.country=US -Duser.language=en -Duser.variant org.gradle.launcher.daemon.bootstrap.GradleDaemon 7.4

Host: Intel(R) Core(TM) i5-6300U CPU @ 2.40GHz, 4 cores, 7G,  Windows 10 , 64 bit Build 19041 (10.0.19041.1889)
Time: Sat Oct 29 20:34:27 2022 Pakistan Standard Time elapsed time: 28.903969 seconds (0d 0h 0m 28s)

---------------  T H R E A D  ---------------

Current thread (0x000001dd3d492000):  JavaThread "C2 CompilerThread0" daemon [_thread_in_native, id=28588, stack(0x00000010bc200000,0x00000010bc300000)]


Current CompileTask:
C2:  28904 7152 %     4       org.gradle.internal.instantiation.generator.AbstractClassGenerator::inspectType @ 107 (560 bytes)

Stack: [0x00000010bc200000,0x00000010bc300000]
Native frames: (J=compiled Java code, j=interpreted, Vv=VM code, C=native code)
V  [jvm.dll+0x6100fa]
V  [jvm.dll+0x747090]
V  [jvm.dll+0x7486ad]
V  [jvm.dll+0x748d83]
V  [jvm.dll+0x24ab48]
V  [jvm.dll+0xc04dc]
V  [jvm.dll+0xc0a0c]
V  [jvm.dll+0x2bfab4]
V  [jvm.dll+0x524238]
V  [jvm.dll+0x204a21]
V  [jvm.dll+0x2023c2]
V  [jvm.dll+0x188e01]
V  [jvm.dll+0x21106b]
V  [jvm.dll+0x20f8c1]
V  [jvm.dll+0x70de0f]
V  [jvm.dll+0x706a75]
V  [jvm.dll+0x60ed66]
C  [ucrtbase.dll+0x21bb2]
C  [KERNEL32.DLL+0x17034]
C  [ntdll.dll+0x526a1]


---------------  P R O C E S S  ---------------

Threads class SMR info:
_java_thread_list=0x000001dd4181b530, length=79, elements={
0x000001dd2386b000, 0x000001dd3d46c800, 0x000001dd3d472000, 0x000001dd3de02800,
0x000001dd3d48d000, 0x000001dd3d48e000, 0x000001dd3d492000, 0x000001dd3d493000,
0x000001dd3d4bc000, 0x000001dd3df2f000, 0x000001dd3fff7800, 0x000001dd3f447800,
0x000001dd41622800, 0x000001dd3ef1d800, 0x000001dd4094b800, 0x000001dd3ed8f800,
0x000001dd40703000, 0x000001dd406fa000, 0x000001dd3e1f7000, 0x000001dd3f869800,
0x000001dd409e5000, 0x000001dd409e4800, 0x000001dd409e2800, 0x000001dd409e3800,
0x000001dd40ca3000, 0x000001dd40ca5800, 0x000001dd40ca2000, 0x000001dd40ca1800,
0x000001dd40ca3800, 0x000001dd40ca8000, 0x000001dd40ca8800, 0x000001dd40ca6000,
0x000001dd40ca4800, 0x000001dd40cac800, 0x000001dd40cab000, 0x000001dd40cac000,
0x000001dd40ca7000, 0x000001dd40caa000, 0x000001dd40cb0000, 0x000001dd40caf000,
0x000001dd40cad800, 0x000001dd40cae800, 0x000001dd41140000, 0x000001dd4113f000,
0x000001dd4113d800, 0x000001dd41142800, 0x000001dd41141000, 0x000001dd41144000,
0x000001dd4113e800, 0x000001dd41141800, 0x000001dd41148000, 0x000001dd41145000,
0x000001dd41146800, 0x000001dd41146000, 0x000001dd41147800, 0x000001dd41149000,
0x000001dd41143800, 0x000001dd4114a000, 0x000001dd4114a800, 0x000001dd4114b800,
0x000001dd4114c800, 0x000001dd3f25c800, 0x000001dd3f25b000, 0x000001dd3f25e800,
0x000001dd3f259800, 0x000001dd3f25f000, 0x000001dd3f25a800, 0x000001dd3f25c000,
0x000001dd3f262800, 0x000001dd3f263800, 0x000001dd3f25d800, 0x000001dd3f264000,
0x000001dd3f261000, 0x000001dd3f265800, 0x000001dd3f260000, 0x000001dd3f261800,
0x000001dd3f266800, 0x000001dd3f265000, 0x000001dd4306a800
}

Java Threads: ( => current thread )
  0x000001dd2386b000 JavaThread "main" [_thread_blocked, id=31544, stack(0x00000010bb600000,0x00000010bb700000)]
  0x000001dd3d46c800 JavaThread "Reference Handler" daemon [_thread_blocked, id=35836, stack(0x00000010bbd00000,0x00000010bbe00000)]
  0x000001dd3d472000 JavaThread "Finalizer" daemon [_thread_blocked, id=35460, stack(0x00000010bbe00000,0x00000010bbf00000)]
  0x000001dd3de02800 JavaThread "Signal Dispatcher" daemon [_thread_blocked, id=39944, stack(0x00000010bbf00000,0x00000010bc000000)]
  0x000001dd3d48d000 JavaThread "Attach Listener" daemon [_thread_blocked, id=12660, stack(0x00000010bc000000,0x00000010bc100000)]
  0x000001dd3d48e000 JavaThread "Service Thread" daemon [_thread_blocked, id=25624, stack(0x00000010bc100000,0x00000010bc200000)]
=>0x000001dd3d492000 JavaThread "C2 CompilerThread0" daemon [_thread_in_native, id=28588, stack(0x00000010bc200000,0x00000010bc300000)]
  0x000001dd3d493000 JavaThread "C1 CompilerThread0" daemon [_thread_blocked, id=11732, stack(0x00000010bc300000,0x00000010bc400000)]
  0x000001dd3d4bc000 JavaThread "Sweeper thread" daemon [_thread_blocked, id=28552, stack(0x00000010bc400000,0x00000010bc500000)]
  0x000001dd3df2f000 JavaThread "Common-Cleaner" daemon [_thread_blocked, id=39360, stack(0x00000010bc500000,0x00000010bc600000)]
  0x000001dd3fff7800 JavaThread "Daemon health stats" [_thread_blocked, id=20396, stack(0x00000010bca00000,0x00000010bcb00000)]
  0x000001dd3f447800 JavaThread "Incoming local TCP Connector on port 8397" [_thread_in_native, id=22088, stack(0x00000010bc700000,0x00000010bc800000)]
  0x000001dd41622800 JavaThread "Daemon periodic checks" [_thread_blocked, id=22092, stack(0x00000010bcb00000,0x00000010bcc00000)]
  0x000001dd3ef1d800 JavaThread "Daemon" [_thread_blocked, id=22156, stack(0x00000010bcc00000,0x00000010bcd00000)]
  0x000001dd4094b800 JavaThread "Handler for socket connection from /127.0.0.1:8397 to /127.0.0.1:8398" [_thread_in_native, id=29392, stack(0x00000010bcd00000,0x00000010bce00000)]
  0x000001dd3ed8f800 JavaThread "Cancel handler" [_thread_blocked, id=5144, stack(0x00000010bce00000,0x00000010bcf00000)]
  0x000001dd40703000 JavaThread "Daemon worker" [_thread_in_Java, id=8668, stack(0x00000010bcf00000,0x00000010bd000000)]
  0x000001dd406fa000 JavaThread "Asynchronous log dispatcher for DefaultDaemonConnection: socket connection from /127.0.0.1:8397 to /127.0.0.1:8398" [_thread_blocked, id=36176, stack(0x00000010bd000000,0x00000010bd100000)]
  0x000001dd3e1f7000 JavaThread "Stdin handler" [_thread_blocked, id=29836, stack(0x00000010bd100000,0x00000010bd200000)]
  0x000001dd3f869800 JavaThread "Daemon client event forwarder" [_thread_blocked, id=9148, stack(0x00000010bd200000,0x00000010bd300000)]
  0x000001dd409e5000 JavaThread "Cache worker for journal cache (C:\Users\PC\.gradle\caches\journal-1)" [_thread_blocked, id=30740, stack(0x00000010bd400000,0x00000010bd500000)]
  0x000001dd409e4800 JavaThread "File lock request listener" [_thread_in_native, id=25252, stack(0x00000010bd500000,0x00000010bd600000)]
  0x000001dd409e2800 JavaThread "Cache worker for file hash cache (C:\Users\PC\.gradle\caches\7.4\fileHashes)" [_thread_blocked, id=36728, stack(0x00000010bd600000,0x00000010bd700000)]
  0x000001dd409e3800 JavaThread "File watcher server" daemon [_thread_in_native, id=33956, stack(0x00000010bd800000,0x00000010bd900000)]
  0x000001dd40ca3000 JavaThread "File watcher consumer" daemon [_thread_blocked, id=32720, stack(0x00000010bd900000,0x00000010bda00000)]
  0x000001dd40ca5800 JavaThread "Cache worker for checksums cache (E:\Programs\MC\Lec4-ButtonAndIntentPage\.gradle\7.4\checksums)" [_thread_blocked, id=39960, stack(0x00000010bda00000,0x00000010bdb00000)]
  0x000001dd40ca2000 JavaThread "Cache worker for cache directory md-rule (C:\Users\PC\.gradle\caches\7.4\md-rule)" [_thread_blocked, id=30396, stack(0x00000010bdb00000,0x00000010bdc00000)]
  0x000001dd40ca1800 JavaThread "Cache worker for file hash cache (E:\Programs\MC\Lec4-ButtonAndIntentPage\.gradle\7.4\fileHashes)" [_thread_blocked, id=32128, stack(0x00000010bdc00000,0x00000010bdd00000)]
  0x000001dd40ca3800 JavaThread "Cache worker for cache directory md-supplier (C:\Users\PC\.gradle\caches\7.4\md-supplier)" [_thread_blocked, id=7600, stack(0x00000010bdd00000,0x00000010bde00000)]
  0x000001dd40ca8000 JavaThread "Cache worker for execution history cache (C:\Users\PC\.gradle\caches\7.4\executionHistory)" [_thread_blocked, id=30576, stack(0x00000010bde00000,0x00000010bdf00000)]
  0x000001dd40ca8800 JavaThread "jar transforms" [_thread_blocked, id=30876, stack(0x00000010bdf00000,0x00000010be000000)]
  0x000001dd40ca6000 JavaThread "Cache worker for file content cache (C:\Users\PC\.gradle\caches\7.4\fileContent)" [_thread_blocked, id=31040, stack(0x00000010be000000,0x00000010be100000)]
  0x000001dd40ca4800 JavaThread "jar transforms Thread 2" [_thread_blocked, id=25572, stack(0x00000010be100000,0x00000010be200000)]
  0x000001dd40cac800 JavaThread "Cache worker for dependencies-accessors (E:\Programs\MC\Lec4-ButtonAndIntentPage\.gradle\7.4\dependencies-accessors)" [_thread_blocked, id=8644, stack(0x00000010be200000,0x00000010be300000)]
  0x000001dd40cab000 JavaThread "jar transforms Thread 3" [_thread_blocked, id=8968, stack(0x00000010be300000,0x00000010be400000)]
  0x000001dd40cac000 JavaThread "Cache worker for Build Output Cleanup Cache (E:\Programs\MC\Lec4-ButtonAndIntentPage\.gradle\buildOutputCleanup)" [_thread_blocked, id=39196, stack(0x00000010bd700000,0x00000010bd800000)]
  0x000001dd40ca7000 JavaThread "Unconstrained build operations" [_thread_blocked, id=40372, stack(0x00000010be500000,0x00000010be600000)]
  0x000001dd40caa000 JavaThread "Unconstrained build operations Thread 2" [_thread_blocked, id=24328, stack(0x00000010be600000,0x00000010be700000)]
  0x000001dd40cb0000 JavaThread "Unconstrained build operations Thread 3" [_thread_blocked, id=16560, stack(0x00000010be700000,0x00000010be800000)]
  0x000001dd40caf000 JavaThread "Unconstrained build operations Thread 4" [_thread_blocked, id=9588, stack(0x00000010be800000,0x00000010be900000)]
  0x000001dd40cad800 JavaThread "Unconstrained build operations Thread 5" [_thread_blocked, id=18116, stack(0x00000010be900000,0x00000010bea00000)]
  0x000001dd40cae800 JavaThread "Unconstrained build operations Thread 6" [_thread_blocked, id=38148, stack(0x00000010bea00000,0x00000010beb00000)]
  0x000001dd41140000 JavaThread "Unconstrained build operations Thread 7" [_thread_blocked, id=40680, stack(0x00000010beb00000,0x00000010bec00000)]
  0x000001dd4113f000 JavaThread "Unconstrained build operations Thread 8" [_thread_blocked, id=13584, stack(0x00000010bec00000,0x00000010bed00000)]
  0x000001dd4113d800 JavaThread "Unconstrained build operations Thread 9" [_thread_blocked, id=28068, stack(0x00000010bed00000,0x00000010bee00000)]
  0x000001dd41142800 JavaThread "Unconstrained build operations Thread 10" [_thread_blocked, id=24584, stack(0x00000010bee00000,0x00000010bef00000)]
  0x000001dd41141000 JavaThread "Unconstrained build operations Thread 11" [_thread_blocked, id=33628, stack(0x00000010bef00000,0x00000010bf000000)]
  0x000001dd41144000 JavaThread "Unconstrained build operations Thread 12" [_thread_blocked, id=23376, stack(0x00000010bf000000,0x00000010bf100000)]
  0x000001dd4113e800 JavaThread "Unconstrained build operations Thread 13" [_thread_blocked, id=40380, stack(0x00000010bf100000,0x00000010bf200000)]
  0x000001dd41141800 JavaThread "Unconstrained build operations Thread 14" [_thread_blocked, id=37532, stack(0x00000010bf200000,0x00000010bf300000)]
  0x000001dd41148000 JavaThread "Unconstrained build operations Thread 15" [_thread_blocked, id=32244, stack(0x00000010bf300000,0x00000010bf400000)]
  0x000001dd41145000 JavaThread "Unconstrained build operations Thread 16" [_thread_blocked, id=19544, stack(0x00000010bf400000,0x00000010bf500000)]
  0x000001dd41146800 JavaThread "Unconstrained build operations Thread 17" [_thread_blocked, id=15380, stack(0x00000010bf500000,0x00000010bf600000)]
  0x000001dd41146000 JavaThread "Unconstrained build operations Thread 18" [_thread_blocked, id=39256, stack(0x00000010bf600000,0x00000010bf700000)]
  0x000001dd41147800 JavaThread "Unconstrained build operations Thread 19" [_thread_blocked, id=23736, stack(0x00000010bf700000,0x00000010bf800000)]
  0x000001dd41149000 JavaThread "Unconstrained build operations Thread 20" [_thread_blocked, id=39844, stack(0x00000010bf800000,0x00000010bf900000)]
  0x000001dd41143800 JavaThread "Unconstrained build operations Thread 21" [_thread_blocked, id=16180, stack(0x00000010bf900000,0x00000010bfa00000)]
  0x000001dd4114a000 JavaThread "Unconstrained build operations Thread 22" [_thread_blocked, id=13640, stack(0x00000010bfa00000,0x00000010bfb00000)]
  0x000001dd4114a800 JavaThread "Unconstrained build operations Thread 23" [_thread_blocked, id=12696, stack(0x00000010bfb00000,0x00000010bfc00000)]
  0x000001dd4114b800 JavaThread "Unconstrained build operations Thread 24" [_thread_blocked, id=19200, stack(0x00000010bfc00000,0x00000010bfd00000)]
  0x000001dd4114c800 JavaThread "Unconstrained build operations Thread 25" [_thread_blocked, id=33788, stack(0x00000010bfd00000,0x00000010bfe00000)]
  0x000001dd3f25c800 JavaThread "Unconstrained build operations Thread 26" [_thread_blocked, id=6296, stack(0x00000010bfe00000,0x00000010bff00000)]
  0x000001dd3f25b000 JavaThread "Unconstrained build operations Thread 27" [_thread_blocked, id=8460, stack(0x00000010bff00000,0x00000010c0000000)]
  0x000001dd3f25e800 JavaThread "Unconstrained build operations Thread 28" [_thread_blocked, id=34280, stack(0x00000010c0000000,0x00000010c0100000)]
  0x000001dd3f259800 JavaThread "Unconstrained build operations Thread 29" [_thread_blocked, id=35424, stack(0x00000010c0100000,0x00000010c0200000)]
  0x000001dd3f25f000 JavaThread "Unconstrained build operations Thread 30" [_thread_blocked, id=9968, stack(0x00000010c0200000,0x00000010c0300000)]
  0x000001dd3f25a800 JavaThread "Unconstrained build operations Thread 31" [_thread_blocked, id=27700, stack(0x00000010c0300000,0x00000010c0400000)]
  0x000001dd3f25c000 JavaThread "Unconstrained build operations Thread 32" [_thread_blocked, id=21696, stack(0x00000010c0400000,0x00000010c0500000)]
  0x000001dd3f262800 JavaThread "Unconstrained build operations Thread 33" [_thread_blocked, id=35760, stack(0x00000010c0500000,0x00000010c0600000)]
  0x000001dd3f263800 JavaThread "Unconstrained build operations Thread 34" [_thread_blocked, id=30712, stack(0x00000010c0600000,0x00000010c0700000)]
  0x000001dd3f25d800 JavaThread "Unconstrained build operations Thread 35" [_thread_blocked, id=23316, stack(0x00000010c0700000,0x00000010c0800000)]
  0x000001dd3f264000 JavaThread "Unconstrained build operations Thread 36" [_thread_blocked, id=37756, stack(0x00000010c0800000,0x00000010c0900000)]
  0x000001dd3f261000 JavaThread "Unconstrained build operations Thread 37" [_thread_blocked, id=20852, stack(0x00000010c0900000,0x00000010c0a00000)]
  0x000001dd3f265800 JavaThread "Unconstrained build operations Thread 38" [_thread_blocked, id=7240, stack(0x00000010c0a00000,0x00000010c0b00000)]
  0x000001dd3f260000 JavaThread "Unconstrained build operations Thread 39" [_thread_blocked, id=35980, stack(0x00000010c0b00000,0x00000010c0c00000)]
  0x000001dd3f261800 JavaThread "Unconstrained build operations Thread 40" [_thread_blocked, id=23940, stack(0x00000010c0c00000,0x00000010c0d00000)]
  0x000001dd3f266800 JavaThread "jar transforms Thread 4" [_thread_blocked, id=10892, stack(0x00000010c0d00000,0x00000010c0e00000)]
  0x000001dd3f265000 JavaThread "Memory manager" [_thread_blocked, id=22592, stack(0x00000010c0e00000,0x00000010c0f00000)]
  0x000001dd4306a800 JavaThread "C2 CompilerThread1" daemon [_thread_in_native, id=22868, stack(0x00000010be400000,0x00000010be500000)]

Other Threads:
  0x000001dd3d440000 VMThread "VM Thread" [stack: 0x00000010bbc00000,0x00000010bbd00000] [id=11056]
  0x000001dd3df6f000 WatcherThread [stack: 0x00000010bc600000,0x00000010bc700000] [id=31072]
  0x000001dd23883800 GCTaskThread "GC Thread#0" [stack: 0x00000010bb700000,0x00000010bb800000] [id=24916]
  0x000001dd3ea1a000 GCTaskThread "GC Thread#1" [stack: 0x00000010bc800000,0x00000010bc900000] [id=23536]
  0x000001dd3e5f9000 GCTaskThread "GC Thread#2" [stack: 0x00000010bc900000,0x00000010bca00000] [id=19236]
  0x000001dd40b16800 GCTaskThread "GC Thread#3" [stack: 0x00000010bd300000,0x00000010bd400000] [id=32040]
  0x000001dd238b7000 ConcurrentGCThread "G1 Main Marker" [stack: 0x00000010bb800000,0x00000010bb900000] [id=22408]
  0x000001dd238b8000 ConcurrentGCThread "G1 Conc#0" [stack: 0x00000010bb900000,0x00000010bba00000] [id=18956]
  0x000001dd23945000 ConcurrentGCThread "G1 Refine#0" [stack: 0x00000010bba00000,0x00000010bbb00000] [id=26412]
  0x000001dd23946000 ConcurrentGCThread "G1 Young RemSet Sampling" [stack: 0x00000010bbb00000,0x00000010bbc00000] [id=1300]

Threads with active compile tasks:
C2 CompilerThread0  28981 7152 %     4       org.gradle.internal.instantiation.generator.AbstractClassGenerator::inspectType @ 107 (560 bytes)
C2 CompilerThread1  28981 7195       4       org.objectweb.asm.Type::appendDescriptor (185 bytes)

VM state:not at safepoint (normal execution)

VM Mutex/Monitor currently owned by a thread: None

Heap address: 0x0000000080000000, size: 2048 MB, Compressed Oops mode: 32-bit
Narrow klass base: 0x0000000000000000, Narrow klass shift: 3
Compressed class space size: 1073741824 Address: 0x0000000100000000

Heap:
 garbage-first heap   total 157696K, used 62115K [0x0000000080000000, 0x0000000100000000)
  region size 1024K, 13 young (13312K), 8 survivors (8192K)
 Metaspace       used 73110K, capacity 74793K, committed 75088K, reserved 1114112K
  class space    used 9450K, capacity 10097K, committed 10188K, reserved 1048576K
Heap Regions: E=young(eden), S=young(survivor), O=old, HS=humongous(starts), HC=humongous(continues), CS=collection set, F=free, A=archive, TAMS=top-at-mark-start (previous, next)
|   0|0x0000000080000000, 0x0000000080100000, 0x0000000080100000|100%|HS|  |TAMS 0x0000000080100000, 0x0000000080000000| Complete 
|   1|0x0000000080100000, 0x0000000080200000, 0x0000000080200000|100%|HC|  |TAMS 0x0000000080200000, 0x0000000080100000| Complete 
|   2|0x0000000080200000, 0x0000000080300000, 0x0000000080300000|100%|HC|  |TAMS 0x0000000080300000, 0x0000000080200000| Complete 
|   3|0x0000000080300000, 0x0000000080400000, 0x0000000080400000|100%| O|  |TAMS 0x0000000080400000, 0x0000000080300000| Untracked 
|   4|0x0000000080400000, 0x0000000080500000, 0x0000000080500000|100%| O|  |TAMS 0x0000000080500000, 0x0000000080400000| Untracked 
|   5|0x0000000080500000, 0x0000000080600000, 0x0000000080600000|100%| O|  |TAMS 0x0000000080600000, 0x0000000080500000| Untracked 
|   6|0x0000000080600000, 0x0000000080700000, 0x0000000080700000|100%| O|  |TAMS 0x0000000080700000, 0x0000000080600000| Untracked 
|   7|0x0000000080700000, 0x0000000080800000, 0x0000000080800000|100%| O|  |TAMS 0x0000000080800000, 0x0000000080700000| Untracked 
|   8|0x0000000080800000, 0x0000000080900000, 0x0000000080900000|100%| O|  |TAMS 0x0000000080900000, 0x0000000080800000| Untracked 
|   9|0x0000000080900000, 0x0000000080a00000, 0x0000000080a00000|100%| O|  |TAMS 0x0000000080a00000, 0x0000000080900000| Untracked 
|  10|0x0000000080a00000, 0x0000000080b00000, 0x0000000080b00000|100%| O|  |TAMS 0x0000000080b00000, 0x0000000080a00000| Untracked 
|  11|0x0000000080b00000, 0x0000000080c00000, 0x0000000080c00000|100%| O|  |TAMS 0x0000000080c00000, 0x0000000080b00000| Untracked 
|  12|0x0000000080c00000, 0x0000000080d00000, 0x0000000080d00000|100%| O|  |TAMS 0x0000000080d00000, 0x0000000080c00000| Untracked 
|  13|0x0000000080d00000, 0x0000000080e00000, 0x0000000080e00000|100%| O|  |TAMS 0x0000000080e00000, 0x0000000080d00000| Untracked 
|  14|0x0000000080e00000, 0x0000000080f00000, 0x0000000080f00000|100%| O|  |TAMS 0x0000000080f00000, 0x0000000080e00000| Untracked 
|  15|0x0000000080f00000, 0x0000000081000000, 0x0000000081000000|100%| O|  |TAMS 0x0000000081000000, 0x0000000080f00000| Untracked 
|  16|0x0000000081000000, 0x0000000081100000, 0x0000000081100000|100%|HS|  |TAMS 0x0000000081100000, 0x0000000081000000| Complete 
|  17|0x0000000081100000, 0x0000000081200000, 0x0000000081200000|100%| O|  |TAMS 0x0000000081200000, 0x0000000081100000| Untracked 
|  18|0x0000000081200000, 0x0000000081300000, 0x0000000081300000|100%| O|  |TAMS 0x0000000081300000, 0x0000000081200000| Untracked 
|  19|0x0000000081300000, 0x0000000081400000, 0x0000000081400000|100%| O|  |TAMS 0x0000000081400000, 0x0000000081300000| Untracked 
|  20|0x0000000081400000, 0x0000000081500000, 0x0000000081500000|100%| O|  |TAMS 0x0000000081500000, 0x0000000081400000| Untracked 
|  21|0x0000000081500000, 0x0000000081600000, 0x0000000081600000|100%| O|  |TAMS 0x0000000081600000, 0x0000000081500000| Untracked 
|  22|0x0000000081600000, 0x0000000081700000, 0x0000000081700000|100%| O|  |TAMS 0x0000000081700000, 0x0000000081600000| Untracked 
|  23|0x0000000081700000, 0x0000000081800000, 0x0000000081800000|100%| O|  |TAMS 0x0000000081800000, 0x0000000081700000| Untracked 
|  24|0x0000000081800000, 0x0000000081900000, 0x0000000081900000|100%| O|  |TAMS 0x0000000081900000, 0x0000000081800000| Untracked 
|  25|0x0000000081900000, 0x0000000081a00000, 0x0000000081a00000|100%| O|  |TAMS 0x0000000081a00000, 0x0000000081900000| Untracked 
|  26|0x0000000081a00000, 0x0000000081b00000, 0x0000000081b00000|100%| O|  |TAMS 0x0000000081b00000, 0x0000000081a00000| Untracked 
|  27|0x0000000081b00000, 0x0000000081c00000, 0x0000000081c00000|100%| O|  |TAMS 0x0000000081c00000, 0x0000000081b00000| Untracked 
|  28|0x0000000081c00000, 0x0000000081d00000, 0x0000000081d00000|100%|HS|  |TAMS 0x0000000081d00000, 0x0000000081c00000| Complete 
|  29|0x0000000081d00000, 0x0000000081e00000, 0x0000000081e00000|100%| O|  |TAMS 0x0000000081e00000, 0x0000000081d00000| Untracked 
|  30|0x0000000081e00000, 0x0000000081f00000, 0x0000000081f00000|100%|HS|  |TAMS 0x0000000081f00000, 0x0000000081e00000| Complete 
|  31|0x0000000081f00000, 0x0000000082000000, 0x0000000082000000|100%|HC|  |TAMS 0x0000000082000000, 0x0000000081f00000| Complete 
|  32|0x0000000082000000, 0x0000000082100000, 0x0000000082100000|100%| O|  |TAMS 0x0000000082100000, 0x0000000082000000| Untracked 
|  33|0x0000000082100000, 0x0000000082200000, 0x0000000082200000|100%| O|  |TAMS 0x0000000082200000, 0x0000000082100000| Untracked 
|  34|0x0000000082200000, 0x0000000082300000, 0x0000000082300000|100%| O|  |TAMS 0x0000000082300000, 0x0000000082200000| Untracked 
|  35|0x0000000082300000, 0x0000000082400000, 0x0000000082400000|100%| O|  |TAMS 0x0000000082400000, 0x0000000082300000| Untracked 
|  36|0x0000000082400000, 0x0000000082500000, 0x0000000082500000|100%| O|  |TAMS 0x0000000082500000, 0x0000000082400000| Untracked 
|  37|0x0000000082500000, 0x0000000082600000, 0x0000000082600000|100%| O|  |TAMS 0x0000000082600000, 0x0000000082500000| Untracked 
|  38|0x0000000082600000, 0x0000000082700000, 0x0000000082700000|100%| O|  |TAMS 0x0000000082700000, 0x0000000082600000| Untracked 
|  39|0x0000000082700000, 0x0000000082800000, 0x0000000082800000|100%| O|  |TAMS 0x0000000082800000, 0x0000000082700000| Untracked 
|  40|0x0000000082800000, 0x0000000082900000, 0x0000000082900000|100%| O|  |TAMS 0x0000000082900000, 0x0000000082800000| Untracked 
|  41|0x0000000082900000, 0x0000000082a00000, 0x0000000082a00000|100%| O|  |TAMS 0x0000000082915a00, 0x0000000082900000| Untracked 
|  42|0x0000000082a00000, 0x0000000082a00000, 0x0000000082b00000|  0%| F|  |TAMS 0x0000000082a00000, 0x0000000082a00000| Untracked 
|  43|0x0000000082b00000, 0x0000000082c00000, 0x0000000082c00000|100%| O|  |TAMS 0x0000000082b00000, 0x0000000082b00000| Untracked 
|  44|0x0000000082c00000, 0x0000000082d00000, 0x0000000082d00000|100%| O|  |TAMS 0x0000000082c00000, 0x0000000082c00000| Untracked 
|  45|0x0000000082d00000, 0x0000000082e00000, 0x0000000082e00000|100%| O|  |TAMS 0x0000000082d00000, 0x0000000082d00000| Untracked 
|  46|0x0000000082e00000, 0x0000000082f00000, 0x0000000082f00000|100%| O|  |TAMS 0x0000000082e00000, 0x0000000082e00000| Untracked 
|  47|0x0000000082f00000, 0x0000000083000000, 0x0000000083000000|100%| O|  |TAMS 0x0000000082f00000, 0x0000000082f00000| Untracked 
|  48|0x0000000083000000, 0x0000000083100000, 0x0000000083100000|100%| O|  |TAMS 0x0000000083000000, 0x0000000083000000| Untracked 
|  49|0x0000000083100000, 0x00000000831bde00, 0x0000000083200000| 74%| O|  |TAMS 0x0000000083100000, 0x0000000083100000| Untracked 
|  50|0x0000000083200000, 0x0000000083200000, 0x0000000083300000|  0%| F|  |TAMS 0x0000000083200000, 0x0000000083200000| Untracked 
|  51|0x0000000083300000, 0x0000000083300000, 0x0000000083400000|  0%| F|  |TAMS 0x0000000083300000, 0x0000000083300000| Untracked 
|  52|0x0000000083400000, 0x0000000083400000, 0x0000000083500000|  0%| F|  |TAMS 0x0000000083400000, 0x0000000083400000| Untracked 
|  53|0x0000000083500000, 0x0000000083500000, 0x0000000083600000|  0%| F|  |TAMS 0x0000000083500000, 0x0000000083500000| Untracked 
|  54|0x0000000083600000, 0x0000000083600000, 0x0000000083700000|  0%| F|  |TAMS 0x0000000083600000, 0x0000000083600000| Untracked 
|  55|0x0000000083700000, 0x0000000083700000, 0x0000000083800000|  0%| F|  |TAMS 0x0000000083700000, 0x0000000083700000| Untracked 
|  56|0x0000000083800000, 0x0000000083800000, 0x0000000083900000|  0%| F|  |TAMS 0x0000000083800000, 0x0000000083800000| Untracked 
|  57|0x0000000083900000, 0x0000000083900000, 0x0000000083a00000|  0%| F|  |TAMS 0x0000000083900000, 0x0000000083900000| Untracked 
|  58|0x0000000083a00000, 0x0000000083a00000, 0x0000000083b00000|  0%| F|  |TAMS 0x0000000083a00000, 0x0000000083a00000| Untracked 
|  59|0x0000000083b00000, 0x0000000083b00000, 0x0000000083c00000|  0%| F|  |TAMS 0x0000000083b00000, 0x0000000083b00000| Untracked 
|  60|0x0000000083c00000, 0x0000000083c00000, 0x0000000083d00000|  0%| F|  |TAMS 0x0000000083c00000, 0x0000000083c00000| Untracked 
|  61|0x0000000083d00000, 0x0000000083d00000, 0x0000000083e00000|  0%| F|  |TAMS 0x0000000083d00000, 0x0000000083d00000| Untracked 
|  62|0x0000000083e00000, 0x0000000083e00000, 0x0000000083f00000|  0%| F|  |TAMS 0x0000000083e00000, 0x0000000083e00000| Untracked 
|  63|0x0000000083f00000, 0x0000000083f00000, 0x0000000084000000|  0%| F|  |TAMS 0x0000000083f00000, 0x0000000083f00000| Untracked 
|  64|0x0000000084000000, 0x0000000084000000, 0x0000000084100000|  0%| F|  |TAMS 0x0000000084000000, 0x0000000084000000| Untracked 
|  65|0x0000000084100000, 0x0000000084100000, 0x0000000084200000|  0%| F|  |TAMS 0x0000000084100000, 0x0000000084100000| Untracked 
|  66|0x0000000084200000, 0x0000000084200000, 0x0000000084300000|  0%| F|  |TAMS 0x0000000084200000, 0x0000000084200000| Untracked 
|  67|0x0000000084300000, 0x0000000084300000, 0x0000000084400000|  0%| F|  |TAMS 0x0000000084300000, 0x0000000084300000| Untracked 
|  68|0x0000000084400000, 0x0000000084400000, 0x0000000084500000|  0%| F|  |TAMS 0x0000000084400000, 0x0000000084400000| Untracked 
|  69|0x0000000084500000, 0x0000000084500000, 0x0000000084600000|  0%| F|  |TAMS 0x0000000084500000, 0x0000000084500000| Untracked 
|  70|0x0000000084600000, 0x0000000084600000, 0x0000000084700000|  0%| F|  |TAMS 0x0000000084600000, 0x0000000084600000| Untracked 
|  71|0x0000000084700000, 0x0000000084700000, 0x0000000084800000|  0%| F|  |TAMS 0x0000000084700000, 0x0000000084700000| Untracked 
|  72|0x0000000084800000, 0x0000000084800000, 0x0000000084900000|  0%| F|  |TAMS 0x0000000084800000, 0x0000000084800000| Untracked 
|  73|0x0000000084900000, 0x0000000084900000, 0x0000000084a00000|  0%| F|  |TAMS 0x0000000084900000, 0x0000000084900000| Untracked 
|  74|0x0000000084a00000, 0x0000000084a00000, 0x0000000084b00000|  0%| F|  |TAMS 0x0000000084a00000, 0x0000000084a00000| Untracked 
|  75|0x0000000084b00000, 0x0000000084b00000, 0x0000000084c00000|  0%| F|  |TAMS 0x0000000084b00000, 0x0000000084b00000| Untracked 
|  76|0x0000000084c00000, 0x0000000084c00000, 0x0000000084d00000|  0%| F|  |TAMS 0x0000000084c00000, 0x0000000084c00000| Untracked 
|  77|0x0000000084d00000, 0x0000000084d00000, 0x0000000084e00000|  0%| F|  |TAMS 0x0000000084d00000, 0x0000000084d00000| Untracked 
|  78|0x0000000084e00000, 0x0000000084e00000, 0x0000000084f00000|  0%| F|  |TAMS 0x0000000084e00000, 0x0000000084e00000| Untracked 
|  79|0x0000000084f00000, 0x0000000084f00000, 0x0000000085000000|  0%| F|  |TAMS 0x0000000084f00000, 0x0000000084f00000| Untracked 
|  80|0x0000000085000000, 0x00000000850eb180, 0x0000000085100000| 91%| S|CS|TAMS 0x0000000085000000, 0x0000000085000000| Complete 
|  81|0x0000000085100000, 0x0000000085200000, 0x0000000085200000|100%| S|CS|TAMS 0x0000000085100000, 0x0000000085100000| Complete 
|  82|0x0000000085200000, 0x0000000085300000, 0x0000000085300000|100%| S|CS|TAMS 0x0000000085200000, 0x0000000085200000| Complete 
|  83|0x0000000085300000, 0x0000000085400000, 0x0000000085400000|100%| S|CS|TAMS 0x0000000085300000, 0x0000000085300000| Complete 
|  84|0x0000000085400000, 0x0000000085500000, 0x0000000085500000|100%| S|CS|TAMS 0x0000000085400000, 0x0000000085400000| Complete 
|  85|0x0000000085500000, 0x0000000085600000, 0x0000000085600000|100%| S|CS|TAMS 0x0000000085500000, 0x0000000085500000| Complete 
|  86|0x0000000085600000, 0x0000000085700000, 0x0000000085700000|100%| S|CS|TAMS 0x0000000085600000, 0x0000000085600000| Complete 
|  87|0x0000000085700000, 0x0000000085800000, 0x0000000085800000|100%| S|CS|TAMS 0x0000000085700000, 0x0000000085700000| Complete 
|  88|0x0000000085800000, 0x0000000085800000, 0x0000000085900000|  0%| F|  |TAMS 0x0000000085800000, 0x0000000085800000| Untracked 
|  89|0x0000000085900000, 0x0000000085900000, 0x0000000085a00000|  0%| F|  |TAMS 0x0000000085900000, 0x0000000085900000| Untracked 
|  90|0x0000000085a00000, 0x0000000085a00000, 0x0000000085b00000|  0%| F|  |TAMS 0x0000000085a00000, 0x0000000085a00000| Untracked 
|  91|0x0000000085b00000, 0x0000000085b00000, 0x0000000085c00000|  0%| F|  |TAMS 0x0000000085b00000, 0x0000000085b00000| Untracked 
|  92|0x0000000085c00000, 0x0000000085c00000, 0x0000000085d00000|  0%| F|  |TAMS 0x0000000085c00000, 0x0000000085c00000| Untracked 
|  93|0x0000000085d00000, 0x0000000085d00000, 0x0000000085e00000|  0%| F|  |TAMS 0x0000000085d00000, 0x0000000085d00000| Untracked 
|  94|0x0000000085e00000, 0x0000000085e00000, 0x0000000085f00000|  0%| F|  |TAMS 0x0000000085e00000, 0x0000000085e00000| Untracked 
|  95|0x0000000085f00000, 0x0000000085f00000, 0x0000000086000000|  0%| F|  |TAMS 0x0000000085f00000, 0x0000000085f00000| Untracked 
|  96|0x0000000086000000, 0x0000000086000000, 0x0000000086100000|  0%| F|  |TAMS 0x0000000086000000, 0x0000000086000000| Untracked 
|  97|0x0000000086100000, 0x0000000086100000, 0x0000000086200000|  0%| F|  |TAMS 0x0000000086100000, 0x0000000086100000| Untracked 
|  98|0x0000000086200000, 0x0000000086200000, 0x0000000086300000|  0%| F|  |TAMS 0x0000000086200000, 0x0000000086200000| Untracked 
|  99|0x0000000086300000, 0x0000000086300000, 0x0000000086400000|  0%| F|  |TAMS 0x0000000086300000, 0x0000000086300000| Untracked 
| 100|0x0000000086400000, 0x0000000086400000, 0x0000000086500000|  0%| F|  |TAMS 0x0000000086400000, 0x0000000086400000| Untracked 
| 101|0x0000000086500000, 0x0000000086500000, 0x0000000086600000|  0%| F|  |TAMS 0x0000000086500000, 0x0000000086500000| Untracked 
| 102|0x0000000086600000, 0x0000000086600000, 0x0000000086700000|  0%| F|  |TAMS 0x0000000086600000, 0x0000000086600000| Untracked 
| 103|0x0000000086700000, 0x0000000086700000, 0x0000000086800000|  0%| F|  |TAMS 0x0000000086700000, 0x0000000086700000| Untracked 
| 104|0x0000000086800000, 0x0000000086800000, 0x0000000086900000|  0%| F|  |TAMS 0x0000000086800000, 0x0000000086800000| Untracked 
| 105|0x0000000086900000, 0x0000000086900000, 0x0000000086a00000|  0%| F|  |TAMS 0x0000000086900000, 0x0000000086900000| Untracked 
| 106|0x0000000086a00000, 0x0000000086a00000, 0x0000000086b00000|  0%| F|  |TAMS 0x0000000086a00000, 0x0000000086a00000| Untracked 
| 107|0x0000000086b00000, 0x0000000086b00000, 0x0000000086c00000|  0%| F|  |TAMS 0x0000000086b00000, 0x0000000086b00000| Untracked 
| 108|0x0000000086c00000, 0x0000000086c00000, 0x0000000086d00000|  0%| F|  |TAMS 0x0000000086c00000, 0x0000000086c00000| Untracked 
| 109|0x0000000086d00000, 0x0000000086d00000, 0x0000000086e00000|  0%| F|  |TAMS 0x0000000086d00000, 0x0000000086d00000| Untracked 
| 110|0x0000000086e00000, 0x0000000086e00000, 0x0000000086f00000|  0%| F|  |TAMS 0x0000000086e00000, 0x0000000086e00000| Untracked 
| 111|0x0000000086f00000, 0x0000000086f00000, 0x0000000087000000|  0%| F|  |TAMS 0x0000000086f00000, 0x0000000086f00000| Untracked 
| 112|0x0000000087000000, 0x0000000087000000, 0x0000000087100000|  0%| F|  |TAMS 0x0000000087000000, 0x0000000087000000| Untracked 
| 113|0x0000000087100000, 0x0000000087100000, 0x0000000087200000|  0%| F|  |TAMS 0x0000000087100000, 0x0000000087100000| Untracked 
| 114|0x0000000087200000, 0x0000000087200000, 0x0000000087300000|  0%| F|  |TAMS 0x0000000087200000, 0x0000000087200000| Untracked 
| 115|0x0000000087300000, 0x0000000087300000, 0x0000000087400000|  0%| F|  |TAMS 0x0000000087300000, 0x0000000087300000| Untracked 
| 116|0x0000000087400000, 0x0000000087400000, 0x0000000087500000|  0%| F|  |TAMS 0x0000000087400000, 0x0000000087400000| Untracked 
| 117|0x0000000087500000, 0x0000000087500000, 0x0000000087600000|  0%| F|  |TAMS 0x0000000087500000, 0x0000000087500000| Untracked 
| 118|0x0000000087600000, 0x0000000087600000, 0x0000000087700000|  0%| F|  |TAMS 0x0000000087600000, 0x0000000087600000| Untracked 
| 119|0x0000000087700000, 0x0000000087700000, 0x0000000087800000|  0%| F|  |TAMS 0x0000000087700000, 0x0000000087700000| Untracked 
| 120|0x0000000087800000, 0x0000000087800000, 0x0000000087900000|  0%| F|  |TAMS 0x0000000087800000, 0x0000000087800000| Untracked 
| 121|0x0000000087900000, 0x0000000087900000, 0x0000000087a00000|  0%| F|  |TAMS 0x0000000087900000, 0x0000000087900000| Untracked 
| 122|0x0000000087a00000, 0x0000000087a00000, 0x0000000087b00000|  0%| F|  |TAMS 0x0000000087a00000, 0x0000000087a00000| Untracked 
| 123|0x0000000087b00000, 0x0000000087b00000, 0x0000000087c00000|  0%| F|  |TAMS 0x0000000087b00000, 0x0000000087b00000| Untracked 
| 124|0x0000000087c00000, 0x0000000087c00000, 0x0000000087d00000|  0%| F|  |TAMS 0x0000000087c00000, 0x0000000087c00000| Untracked 
| 125|0x0000000087d00000, 0x0000000087d00000, 0x0000000087e00000|  0%| F|  |TAMS 0x0000000087d00000, 0x0000000087d00000| Untracked 
| 126|0x0000000087e00000, 0x0000000087e00000, 0x0000000087f00000|  0%| F|  |TAMS 0x0000000087e00000, 0x0000000087e00000| Untracked 
| 127|0x0000000087f00000, 0x0000000087f00000, 0x0000000088000000|  0%| F|  |TAMS 0x0000000087f00000, 0x0000000087f00000| Untracked 
| 128|0x0000000088000000, 0x0000000088000000, 0x0000000088100000|  0%| F|  |TAMS 0x0000000088000000, 0x0000000088000000| Untracked 
| 129|0x0000000088100000, 0x0000000088100000, 0x0000000088200000|  0%| F|  |TAMS 0x0000000088100000, 0x0000000088100000| Untracked 
| 130|0x0000000088200000, 0x0000000088200000, 0x0000000088300000|  0%| F|  |TAMS 0x0000000088200000, 0x0000000088200000| Untracked 
| 131|0x0000000088300000, 0x0000000088300000, 0x0000000088400000|  0%| F|  |TAMS 0x0000000088300000, 0x0000000088300000| Untracked 
| 132|0x0000000088400000, 0x0000000088400000, 0x0000000088500000|  0%| F|  |TAMS 0x0000000088400000, 0x0000000088400000| Untracked 
| 133|0x0000000088500000, 0x0000000088500000, 0x0000000088600000|  0%| F|  |TAMS 0x0000000088500000, 0x0000000088500000| Untracked 
| 134|0x0000000088600000, 0x0000000088600000, 0x0000000088700000|  0%| F|  |TAMS 0x0000000088600000, 0x0000000088600000| Untracked 
| 135|0x0000000088700000, 0x0000000088700000, 0x0000000088800000|  0%| F|  |TAMS 0x0000000088700000, 0x0000000088700000| Untracked 
| 136|0x0000000088800000, 0x0000000088800000, 0x0000000088900000|  0%| F|  |TAMS 0x0000000088800000, 0x0000000088800000| Untracked 
| 137|0x0000000088900000, 0x0000000088900000, 0x0000000088a00000|  0%| F|  |TAMS 0x0000000088900000, 0x0000000088900000| Untracked 
| 138|0x0000000088a00000, 0x0000000088a00000, 0x0000000088b00000|  0%| F|  |TAMS 0x0000000088a00000, 0x0000000088a00000| Untracked 
| 139|0x0000000088b00000, 0x0000000088b00000, 0x0000000088c00000|  0%| F|  |TAMS 0x0000000088b00000, 0x0000000088b00000| Untracked 
| 140|0x0000000088c00000, 0x0000000088c00000, 0x0000000088d00000|  0%| F|  |TAMS 0x0000000088c00000, 0x0000000088c00000| Untracked 
| 141|0x0000000088d00000, 0x0000000088d00000, 0x0000000088e00000|  0%| F|  |TAMS 0x0000000088d00000, 0x0000000088d00000| Untracked 
| 142|0x0000000088e00000, 0x0000000088e00000, 0x0000000088f00000|  0%| F|  |TAMS 0x0000000088e00000, 0x0000000088e00000| Untracked 
| 143|0x0000000088f00000, 0x0000000088f00000, 0x0000000089000000|  0%| F|  |TAMS 0x0000000088f00000, 0x0000000088f00000| Untracked 
| 144|0x0000000089000000, 0x0000000089000000, 0x0000000089100000|  0%| F|  |TAMS 0x0000000089000000, 0x0000000089000000| Untracked 
| 145|0x0000000089100000, 0x0000000089100000, 0x0000000089200000|  0%| F|  |TAMS 0x0000000089100000, 0x0000000089100000| Untracked 
| 146|0x0000000089200000, 0x0000000089200000, 0x0000000089300000|  0%| F|  |TAMS 0x0000000089200000, 0x0000000089200000| Untracked 
| 147|0x0000000089300000, 0x0000000089300000, 0x0000000089400000|  0%| F|  |TAMS 0x0000000089300000, 0x0000000089300000| Untracked 
| 148|0x0000000089400000, 0x0000000089400000, 0x0000000089500000|  0%| F|  |TAMS 0x0000000089400000, 0x0000000089400000| Untracked 
| 149|0x0000000089500000, 0x0000000089600000, 0x0000000089600000|100%| E|  |TAMS 0x0000000089500000, 0x0000000089500000| Complete 
| 150|0x0000000089600000, 0x0000000089700000, 0x0000000089700000|100%| E|CS|TAMS 0x0000000089600000, 0x0000000089600000| Complete 
| 151|0x0000000089700000, 0x0000000089800000, 0x0000000089800000|100%| E|CS|TAMS 0x0000000089700000, 0x0000000089700000| Complete 
| 152|0x0000000089800000, 0x0000000089900000, 0x0000000089900000|100%| E|CS|TAMS 0x0000000089800000, 0x0000000089800000| Complete 
| 153|0x0000000089900000, 0x0000000089a00000, 0x0000000089a00000|100%| E|CS|TAMS 0x0000000089900000, 0x0000000089900000| Complete 

Card table byte_map: [0x000001dd36790000,0x000001dd36b90000] _byte_map_base: 0x000001dd36390000

Marking Bits (Prev, Next): (CMBitMap*) 0x000001dd238adf58, (CMBitMap*) 0x000001dd238adf90
 Prev Bits: [0x000001dd36f90000, 0x000001dd38f90000)
 Next Bits: [0x000001dd38f90000, 0x000001dd3af90000)

Polling page: 0x000001dd23050000

Metaspace:

Usage:
  Non-class:     63.18 MB capacity,    62.18 MB ( 98%) used,   839.43 KB (  1%) free+waste,   179.31 KB ( <1%) overhead. 
      Class:      9.86 MB capacity,     9.23 MB ( 94%) used,   560.61 KB (  6%) free+waste,    83.00 KB ( <1%) overhead. 
       Both:     73.04 MB capacity,    71.42 MB ( 98%) used,     1.37 MB (  2%) free+waste,   262.31 KB ( <1%) overhead. 

Virtual space:
  Non-class space:       64.00 MB reserved,      63.38 MB (>99%) committed 
      Class space:        1.00 GB reserved,       9.95 MB ( <1%) committed 
             Both:        1.06 GB reserved,      73.33 MB (  7%) committed 

Chunk freelists:
   Non-Class:  12.00 KB
       Class:  15.00 KB
        Both:  27.00 KB

MaxMetaspaceSize: 17179869184.00 GB
CompressedClassSpaceSize: 1.00 GB
Initial GC threshold: 20.80 MB
Current GC threshold: 106.80 MB
CDS: off

CodeHeap 'non-profiled nmethods': size=120064Kb used=4722Kb max_used=4722Kb free=115341Kb
 bounds [0x000001dd2ee50000, 0x000001dd2f2f0000, 0x000001dd36390000]
CodeHeap 'profiled nmethods': size=120000Kb used=15544Kb max_used=15544Kb free=104455Kb
 bounds [0x000001dd27920000, 0x000001dd28850000, 0x000001dd2ee50000]
CodeHeap 'non-nmethods': size=5696Kb used=2350Kb max_used=2400Kb free=3345Kb
 bounds [0x000001dd27390000, 0x000001dd27600000, 0x000001dd27920000]
 total_blobs=8029 nmethods=7163 adapters=777
 compilation: enabled
              stopped_count=0, restarted_count=0
 full_count=0

Compilation events (20 events):
Event: 28.764 Thread 0x000001dd4306a800 7178       4       org.objectweb.asm.MethodWriter::visitFieldInsn (258 bytes)
Event: 28.764 Thread 0x000001dd3d493000 nmethod 7183 0x000001dd28849390 code [0x000001dd28849540, 0x000001dd288496f8]
Event: 28.777 Thread 0x000001dd4306a800 nmethod 7178 0x000001dd2f2e8890 code [0x000001dd2f2e8a60, 0x000001dd2f2e8d88]
Event: 28.777 Thread 0x000001dd4306a800 7170       4       org.objectweb.asm.ByteVector::<init> (13 bytes)
Event: 28.780 Thread 0x000001dd4306a800 nmethod 7170 0x000001dd2f2e9110 code [0x000001dd2f2e92a0, 0x000001dd2f2e9458]
Event: 28.793 Thread 0x000001dd3d493000 7184       3       com.sun.proxy.$Proxy16::<init> (6 bytes)
Event: 28.794 Thread 0x000001dd3d493000 nmethod 7184 0x000001dd28849790 code [0x000001dd28849960, 0x000001dd28849ce8]
Event: 28.827 Thread 0x000001dd3d493000 7185       3       jdk.internal.org.objectweb.asm.ClassReader::<init> (9 bytes)
Event: 28.828 Thread 0x000001dd3d493000 nmethod 7185 0x000001dd28849e90 code [0x000001dd2884a040, 0x000001dd2884a188]
Event: 28.835 Thread 0x000001dd4306a800 7186       4       org.gradle.internal.service.DefaultServiceRegistry$ParentServices::getService (11 bytes)
Event: 28.840 Thread 0x000001dd4306a800 nmethod 7186 0x000001dd2f2e9510 code [0x000001dd2f2e96c0, 0x000001dd2f2e97f8]
Event: 28.843 Thread 0x000001dd3d493000 7187       1       org.gradle.api.internal.tasks.CachingTaskDependencyResolveContext::access$000 (5 bytes)
Event: 28.843 Thread 0x000001dd3d493000 nmethod 7187 0x000001dd2f2e9990 code [0x000001dd2f2e9b40, 0x000001dd2f2e9bd8]
Event: 28.855 Thread 0x000001dd4306a800 7188       4       org.gradle.internal.reflect.MutableClassDetails::property (41 bytes)
Event: 28.860 Thread 0x000001dd3d493000 7190       3       org.objectweb.asm.AnnotationVisitor::<init> (94 bytes)
Event: 28.861 Thread 0x000001dd3d493000 nmethod 7190 0x000001dd2884a290 code [0x000001dd2884a520, 0x000001dd2884b048]
Event: 28.892 Thread 0x000001dd3d493000 7192       1       com.android.build.api.component.impl.ComponentImpl::getTaskContainer (5 bytes)
Event: 28.893 Thread 0x000001dd3d493000 nmethod 7192 0x000001dd2f2e9c90 code [0x000001dd2f2e9e40, 0x000001dd2f2e9ef8]
Event: 28.893 Thread 0x000001dd4306a800 nmethod 7188 0x000001dd2f2e9f90 code [0x000001dd2f2ea1a0, 0x000001dd2f2ead88]
Event: 28.893 Thread 0x000001dd4306a800 7191       4       org.objectweb.asm.Type::getMethodDescriptor (66 bytes)

GC Heap History (20 events):
Event: 8.780 GC heap before
{Heap before GC invocations=4 (full 0):
 garbage-first heap   total 131072K, used 48768K [0x0000000080000000, 0x0000000100000000)
  region size 1024K, 39 young (39936K), 6 survivors (6144K)
 Metaspace       used 20806K, capacity 21185K, committed 21296K, reserved 1069056K
  class space    used 2520K, capacity 2684K, committed 2688K, reserved 1048576K
}
Event: 8.794 GC heap after
{Heap after GC invocations=5 (full 0):
 garbage-first heap   total 131072K, used 17253K [0x0000000080000000, 0x0000000100000000)
  region size 1024K, 6 young (6144K), 6 survivors (6144K)
 Metaspace       used 20806K, capacity 21185K, committed 21296K, reserved 1069056K
  class space    used 2520K, capacity 2684K, committed 2688K, reserved 1048576K
}
Event: 10.227 GC heap before
{Heap before GC invocations=6 (full 0):
 garbage-first heap   total 131072K, used 72549K [0x0000000080000000, 0x0000000100000000)
  region size 1024K, 61 young (62464K), 6 survivors (6144K)
 Metaspace       used 26814K, capacity 27463K, committed 27772K, reserved 1073152K
  class space    used 3460K, capacity 3702K, committed 3788K, reserved 1048576K
}
Event: 10.240 GC heap after
{Heap after GC invocations=7 (full 0):
 garbage-first heap   total 131072K, used 19335K [0x0000000080000000, 0x0000000100000000)
  region size 1024K, 4 young (4096K), 4 survivors (4096K)
 Metaspace       used 26814K, capacity 27463K, committed 27772K, reserved 1073152K
  class space    used 3460K, capacity 3702K, committed 3788K, reserved 1048576K
}
Event: 12.667 GC heap before
{Heap before GC invocations=7 (full 0):
 garbage-first heap   total 131072K, used 75655K [0x0000000080000000, 0x0000000100000000)
  region size 1024K, 60 young (61440K), 4 survivors (4096K)
 Metaspace       used 35144K, capacity 35918K, committed 35964K, reserved 1081344K
  class space    used 4499K, capacity 4799K, committed 4812K, reserved 1048576K
}
Event: 12.687 GC heap after
{Heap after GC invocations=8 (full 0):
 garbage-first heap   total 131072K, used 22525K [0x0000000080000000, 0x0000000100000000)
  region size 1024K, 7 young (7168K), 7 survivors (7168K)
 Metaspace       used 35144K, capacity 35918K, committed 35964K, reserved 1081344K
  class space    used 4499K, capacity 4799K, committed 4812K, reserved 1048576K
}
Event: 14.657 GC heap before
{Heap before GC invocations=9 (full 0):
 garbage-first heap   total 131072K, used 90109K [0x0000000080000000, 0x0000000100000000)
  region size 1024K, 71 young (72704K), 7 survivors (7168K)
 Metaspace       used 40313K, capacity 41240K, committed 41468K, reserved 1085440K
  class space    used 5071K, capacity 5415K, committed 5452K, reserved 1048576K
}
Event: 14.679 GC heap after
{Heap after GC invocations=10 (full 0):
 garbage-first heap   total 131072K, used 28012K [0x0000000080000000, 0x0000000100000000)
  region size 1024K, 9 young (9216K), 9 survivors (9216K)
 Metaspace       used 40313K, capacity 41240K, committed 41468K, reserved 1085440K
  class space    used 5071K, capacity 5415K, committed 5452K, reserved 1048576K
}
Event: 16.589 GC heap before
{Heap before GC invocations=10 (full 0):
 garbage-first heap   total 131072K, used 92524K [0x0000000080000000, 0x0000000100000000)
  region size 1024K, 72 young (73728K), 9 survivors (9216K)
 Metaspace       used 46366K, capacity 47493K, committed 47740K, reserved 1091584K
  class space    used 5870K, capacity 6297K, committed 6348K, reserved 1048576K
}
Event: 16.612 GC heap after
{Heap after GC invocations=11 (full 0):
 garbage-first heap   total 157696K, used 29979K [0x0000000080000000, 0x0000000100000000)
  region size 1024K, 3 young (3072K), 3 survivors (3072K)
 Metaspace       used 46366K, capacity 47493K, committed 47740K, reserved 1091584K
  class space    used 5870K, capacity 6297K, committed 6348K, reserved 1048576K
}
Event: 19.315 GC heap before
{Heap before GC invocations=11 (full 0):
 garbage-first heap   total 157696K, used 112923K [0x0000000080000000, 0x0000000100000000)
  region size 1024K, 80 young (81920K), 3 survivors (3072K)
 Metaspace       used 51418K, capacity 52731K, committed 52860K, reserved 1095680K
  class space    used 6485K, capacity 6987K, committed 7116K, reserved 1048576K
}
Event: 19.325 GC heap after
{Heap after GC invocations=12 (full 0):
 garbage-first heap   total 157696K, used 42306K [0x0000000080000000, 0x0000000100000000)
  region size 1024K, 10 young (10240K), 10 survivors (10240K)
 Metaspace       used 51418K, capacity 52731K, committed 52860K, reserved 1095680K
  class space    used 6485K, capacity 6987K, committed 7116K, reserved 1048576K
}
Event: 20.996 GC heap before
{Heap before GC invocations=12 (full 0):
 garbage-first heap   total 157696K, used 91458K [0x0000000080000000, 0x0000000100000000)
  region size 1024K, 59 young (60416K), 10 survivors (10240K)
 Metaspace       used 58853K, capacity 60238K, committed 60368K, reserved 1101824K
  class space    used 7421K, capacity 7928K, committed 8012K, reserved 1048576K
}
Event: 21.021 GC heap after
{Heap after GC invocations=13 (full 0):
 garbage-first heap   total 157696K, used 44681K [0x0000000080000000, 0x0000000100000000)
  region size 1024K, 3 young (3072K), 3 survivors (3072K)
 Metaspace       used 58853K, capacity 60238K, committed 60368K, reserved 1101824K
  class space    used 7421K, capacity 7928K, committed 8012K, reserved 1048576K
}
Event: 23.115 GC heap before
{Heap before GC invocations=14 (full 0):
 garbage-first heap   total 157696K, used 115337K [0x0000000080000000, 0x0000000100000000)
  region size 1024K, 66 young (67584K), 3 survivors (3072K)
 Metaspace       used 63741K, capacity 65202K, committed 65360K, reserved 1105920K
  class space    used 8000K, capacity 8548K, committed 8652K, reserved 1048576K
}
Event: 23.130 GC heap after
{Heap after GC invocations=15 (full 0):
 garbage-first heap   total 157696K, used 50407K [0x0000000080000000, 0x0000000100000000)
  region size 1024K, 9 young (9216K), 9 survivors (9216K)
 Metaspace       used 63741K, capacity 65202K, committed 65360K, reserved 1105920K
  class space    used 8000K, capacity 8548K, committed 8652K, reserved 1048576K
}
Event: 25.089 GC heap before
{Heap before GC invocations=16 (full 0):
 garbage-first heap   total 157696K, used 113895K [0x0000000080000000, 0x0000000100000000)
  region size 1024K, 70 young (71680K), 9 survivors (9216K)
 Metaspace       used 65993K, capacity 67601K, committed 67792K, reserved 1107968K
  class space    used 8312K, capacity 8935K, committed 9036K, reserved 1048576K
}
Event: 25.109 GC heap after
{Heap after GC invocations=17 (full 0):
 garbage-first heap   total 157696K, used 54337K [0x0000000080000000, 0x0000000100000000)
  region size 1024K, 5 young (5120K), 5 survivors (5120K)
 Metaspace       used 65993K, capacity 67601K, committed 67792K, reserved 1107968K
  class space    used 8312K, capacity 8935K, committed 9036K, reserved 1048576K
}
Event: 28.696 GC heap before
{Heap before GC invocations=17 (full 0):
 garbage-first heap   total 157696K, used 116801K [0x0000000080000000, 0x0000000100000000)
  region size 1024K, 66 young (67584K), 5 survivors (5120K)
 Metaspace       used 72823K, capacity 74455K, committed 74704K, reserved 1114112K
  class space    used 9408K, capacity 10029K, committed 10060K, reserved 1048576K
}
Event: 28.714 GC heap after
{Heap after GC invocations=18 (full 0):
 garbage-first heap   total 157696K, used 58019K [0x0000000080000000, 0x0000000100000000)
  region size 1024K, 8 young (8192K), 8 survivors (8192K)
 Metaspace       used 72823K, capacity 74455K, committed 74704K, reserved 1114112K
  class space    used 9408K, capacity 10029K, committed 10060K, reserved 1048576K
}

Deoptimization events (20 events):
Event: 28.525 Thread 0x000001dd40703000 Uncommon trap: trap_request=0xffffffd6 fr.pc=0x000001dd2f2e0fa8 relative=0x0000000000000348
Event: 28.525 Thread 0x000001dd40703000 Uncommon trap: reason=array_check action=maybe_recompile pc=0x000001dd2f2e0fa8 method=java.util.AbstractCollection.toArray([Ljava/lang/Object;)[Ljava/lang/Object; @ 116 c2
Event: 28.525 Thread 0x000001dd40703000 DEOPT PACKING pc=0x000001dd2f2e0fa8 sp=0x00000010bcff9b90
Event: 28.525 Thread 0x000001dd40703000 DEOPT UNPACKING pc=0x000001dd273da1af sp=0x00000010bcff9b30 mode 2
Event: 28.615 Thread 0x000001dd40703000 Uncommon trap: trap_request=0xffffff4d fr.pc=0x000001dd2eebf340 relative=0x0000000000000960
Event: 28.615 Thread 0x000001dd40703000 Uncommon trap: reason=unstable_if action=reinterpret pc=0x000001dd2eebf340 method=java.util.HashMap.resize()[Ljava/util/HashMap$Node; @ 203 c2
Event: 28.615 Thread 0x000001dd40703000 DEOPT PACKING pc=0x000001dd2eebf340 sp=0x00000010bcff90a0
Event: 28.615 Thread 0x000001dd40703000 DEOPT UNPACKING pc=0x000001dd273da1af sp=0x00000010bcff9050 mode 2
Event: 28.615 Thread 0x000001dd40703000 Uncommon trap: trap_request=0xffffff4d fr.pc=0x000001dd2f1536f8 relative=0x0000000000002398
Event: 28.615 Thread 0x000001dd40703000 Uncommon trap: reason=unstable_if action=reinterpret pc=0x000001dd2f1536f8 method=java.util.HashMap.getNode(ILjava/lang/Object;)Ljava/util/HashMap$Node; @ 84 c2
Event: 28.615 Thread 0x000001dd40703000 DEOPT PACKING pc=0x000001dd2f1536f8 sp=0x00000010bcff9150
Event: 28.615 Thread 0x000001dd40703000 DEOPT UNPACKING pc=0x000001dd273da1af sp=0x00000010bcff9038 mode 2
Event: 28.615 Thread 0x000001dd40703000 Uncommon trap: trap_request=0xffffff4d fr.pc=0x000001dd2f21fb44 relative=0x0000000000000284
Event: 28.615 Thread 0x000001dd40703000 Uncommon trap: reason=unstable_if action=reinterpret pc=0x000001dd2f21fb44 method=java.util.HashMap.getNode(ILjava/lang/Object;)Ljava/util/HashMap$Node; @ 84 c2
Event: 28.615 Thread 0x000001dd40703000 DEOPT PACKING pc=0x000001dd2f21fb44 sp=0x00000010bcff9100
Event: 28.615 Thread 0x000001dd40703000 DEOPT UNPACKING pc=0x000001dd273da1af sp=0x00000010bcff9020 mode 2
Event: 28.615 Thread 0x000001dd40703000 Uncommon trap: trap_request=0xffffff4d fr.pc=0x000001dd2f0febe4 relative=0x00000000000001a4
Event: 28.615 Thread 0x000001dd40703000 Uncommon trap: reason=unstable_if action=reinterpret pc=0x000001dd2f0febe4 method=java.util.HashMap.getNode(ILjava/lang/Object;)Ljava/util/HashMap$Node; @ 84 c2
Event: 28.615 Thread 0x000001dd40703000 DEOPT PACKING pc=0x000001dd2f0febe4 sp=0x00000010bcff90a0
Event: 28.615 Thread 0x000001dd40703000 DEOPT UNPACKING pc=0x000001dd273da1af sp=0x00000010bcff9028 mode 2

Classes redefined (0 events):
No events

Internal exceptions (20 events):
Event: 24.678 Thread 0x000001dd40703000 Exception <a 'java/lang/ClassNotFoundException'{0x00000000866df2c0}: com/android/build/gradle/internal/CompileOptions$AgpDecoratedCustomizer> (0x00000000866df2c0) thrown at [./src/hotspot/share/classfile/systemDictionary.cpp, line 231]
Event: 24.679 Thread 0x000001dd40703000 Exception <a 'java/lang/ClassNotFoundException'{0x000000008650be70}: com/android/build/gradle/internal/CompileOptions$AgpDecorated_DecoratedCustomizer> (0x000000008650be70) thrown at [./src/hotspot/share/classfile/systemDictionary.cpp, line 231]
Event: 24.719 Thread 0x000001dd40703000 Exception <a 'java/lang/ClassNotFoundException'{0x0000000086421660}: com/android/build/gradle/internal/dsl/ApplicationBuildFeaturesImpl_DecoratedBeanInfo> (0x0000000086421660) thrown at [./src/hotspot/share/classfile/systemDictionary.cpp, line 231]
Event: 24.720 Thread 0x000001dd40703000 Exception <a 'java/lang/ClassNotFoundException'{0x000000008643f9c0}: com/android/build/gradle/internal/dsl/ApplicationBuildFeaturesImplBeanInfo> (0x000000008643f9c0) thrown at [./src/hotspot/share/classfile/systemDictionary.cpp, line 231]
Event: 24.721 Thread 0x000001dd40703000 Exception <a 'java/lang/ClassNotFoundException'{0x000000008645bfc8}: com/android/build/gradle/internal/dsl/BuildFeaturesImplBeanInfo> (0x000000008645bfc8) thrown at [./src/hotspot/share/classfile/systemDictionary.cpp, line 231]
Event: 24.723 Thread 0x000001dd40703000 Exception <a 'java/lang/ClassNotFoundException'{0x00000000864788b0}: com/android/build/gradle/internal/dsl/BuildFeaturesImplCustomizer> (0x00000000864788b0) thrown at [./src/hotspot/share/classfile/systemDictionary.cpp, line 231]
Event: 24.725 Thread 0x000001dd40703000 Exception <a 'java/lang/ClassNotFoundException'{0x00000000864a26a0}: com/android/build/gradle/internal/dsl/ApplicationBuildFeaturesImplCustomizer> (0x00000000864a26a0) thrown at [./src/hotspot/share/classfile/systemDictionary.cpp, line 231]
Event: 24.726 Thread 0x000001dd40703000 Exception <a 'java/lang/ClassNotFoundException'{0x00000000864c79c0}: com/android/build/gradle/internal/dsl/ApplicationBuildFeaturesImpl_DecoratedCustomizer> (0x00000000864c79c0) thrown at [./src/hotspot/share/classfile/systemDictionary.cpp, line 231]
Event: 24.739 Thread 0x000001dd40703000 Exception <a 'java/lang/ClassNotFoundException'{0x00000000863a0f08}: org/gradle/api/internal/artifacts/dsl/dependencies/DefaultDependencyHandler_DecoratedBeanInfo> (0x00000000863a0f08) thrown at [./src/hotspot/share/classfile/systemDictionary.cpp, line 231]
Event: 24.741 Thread 0x000001dd40703000 Exception <a 'java/lang/ClassNotFoundException'{0x00000000863ee958}: org/gradle/api/internal/artifacts/dsl/dependencies/DefaultDependencyHandlerBeanInfo> (0x00000000863ee958) thrown at [./src/hotspot/share/classfile/systemDictionary.cpp, line 231]
Event: 24.743 Thread 0x000001dd40703000 Exception <a 'java/lang/ClassNotFoundException'{0x000000008623ca60}: org/gradle/api/internal/artifacts/dsl/dependencies/DefaultDependencyHandlerCustomizer> (0x000000008623ca60) thrown at [./src/hotspot/share/classfile/systemDictionary.cpp, line 231]
Event: 24.763 Thread 0x000001dd40703000 Exception <a 'java/lang/ClassNotFoundException'{0x00000000862b4b70}: org/gradle/api/internal/artifacts/dsl/dependencies/DefaultDependencyHandler_DecoratedCustomizer> (0x00000000862b4b70) thrown at [./src/hotspot/share/classfile/systemDictionary.cpp, line 231]
Event: 27.615 Thread 0x000001dd40703000 Exception <a 'java/lang/ClassNotFoundException'{0x00000000870650e8}: com/android/build/gradle/internal/api/ApkVariantOutputImpl_DecoratedBeanInfo> (0x00000000870650e8) thrown at [./src/hotspot/share/classfile/systemDictionary.cpp, line 231]
Event: 27.616 Thread 0x000001dd40703000 Exception <a 'java/lang/ClassNotFoundException'{0x0000000087080af0}: com/android/build/gradle/internal/api/ApkVariantOutputImplBeanInfo> (0x0000000087080af0) thrown at [./src/hotspot/share/classfile/systemDictionary.cpp, line 231]
Event: 27.617 Thread 0x000001dd40703000 Exception <a 'java/lang/ClassNotFoundException'{0x000000008709ca80}: com/android/build/gradle/internal/api/BaseVariantOutputImplBeanInfo> (0x000000008709ca80) thrown at [./src/hotspot/share/classfile/systemDictionary.cpp, line 231]
Event: 27.618 Thread 0x000001dd40703000 Exception <a 'java/lang/ClassNotFoundException'{0x00000000870b8a98}: com/android/build/gradle/internal/api/BaseVariantOutputImplCustomizer> (0x00000000870b8a98) thrown at [./src/hotspot/share/classfile/systemDictionary.cpp, line 231]
Event: 27.620 Thread 0x000001dd40703000 Exception <a 'java/lang/ClassNotFoundException'{0x00000000870e7128}: com/android/build/gradle/internal/api/ApkVariantOutputImplCustomizer> (0x00000000870e7128) thrown at [./src/hotspot/share/classfile/systemDictionary.cpp, line 231]
Event: 27.624 Thread 0x000001dd40703000 Exception <a 'java/lang/ClassNotFoundException'{0x0000000086f123c8}: com/android/build/gradle/internal/api/ApkVariantOutputImpl_DecoratedCustomizer> (0x0000000086f123c8) thrown at [./src/hotspot/share/classfile/systemDictionary.cpp, line 231]
Event: 27.681 Thread 0x000001dd40703000 Exception <a 'java/lang/NoClassDefFoundError'{0x0000000086eb6b58}: org/jetbrains/kotlin/gradle/plugin/KotlinBasePluginWrapper> (0x0000000086eb6b58) thrown at [./src/hotspot/share/classfile/systemDictionary.cpp, line 220]
Event: 27.922 Thread 0x000001dd40703000 Implicit null exception at 0x000001dd2f0ea931 to 0x000001dd2f0eb0e4

Events (20 events):
Event: 28.820 loading class org/gradle/workers/WorkerConfiguration
Event: 28.820 loading class org/gradle/workers/WorkerConfiguration done
Event: 28.820 loading class org/gradle/workers/ForkingWorkerSpec
Event: 28.820 loading class org/gradle/workers/ForkingWorkerSpec done
Event: 28.821 loading class org/gradle/workers/internal/IsolatedParametersActionExecutionSpec
Event: 28.821 loading class org/gradle/workers/internal/IsolatedParametersActionExecutionSpec done
Event: 28.823 loading class org/gradle/workers/internal/AdapterWorkParameters
Event: 28.823 loading class org/gradle/workers/internal/AdapterWorkParameters done
Event: 28.825 loading class org/gradle/internal/service/scopes/Scopes$Project
Event: 28.825 loading class org/gradle/internal/service/scopes/Scopes$Project done
Event: 28.832 loading class org/gradle/internal/work/DefaultConditionalExecutionQueue
Event: 28.832 loading class org/gradle/internal/work/DefaultConditionalExecutionQueue done
Event: 28.833 loading class org/gradle/internal/work/DefaultConditionalExecutionQueue$QueueState
Event: 28.833 loading class org/gradle/internal/work/DefaultConditionalExecutionQueue$QueueState done
Event: 28.858 loading class org/gradle/api/tasks/InputDirectory
Event: 28.858 loading class org/gradle/api/tasks/InputDirectory done
Event: 28.899 loading class com/android/builder/files/SerializableInputChanges
Event: 28.899 loading class com/android/builder/files/SerializableInputChanges done
Event: 28.901 loading class com/android/build/gradle/internal/tasks/MergeJavaResourceTask$Companion
Event: 28.901 loading class com/android/build/gradle/internal/tasks/MergeJavaResourceTask$Companion done


Dynamic libraries:
0x00007ff7ceb60000 - 0x00007ff7ceb6a000 	C:\Program Files\Android\Android Studio\jre\bin\java.exe
0x00007ffce9e90000 - 0x00007ffcea088000 	C:\Windows\SYSTEM32\ntdll.dll
0x00007ffce9330000 - 0x00007ffce93ed000 	C:\Windows\System32\KERNEL32.DLL
0x00007ffce7940000 - 0x00007ffce7c12000 	C:\Windows\System32\KERNELBASE.dll
0x00007ffce75a0000 - 0x00007ffce76a0000 	C:\Windows\System32\ucrtbase.dll
0x00007ffcc4360000 - 0x00007ffcc4379000 	C:\Program Files\Android\Android Studio\jre\bin\jli.dll
0x00007ffce8c20000 - 0x00007ffce8dbd000 	C:\Windows\System32\USER32.dll
0x00007ffce7cd0000 - 0x00007ffce7cf2000 	C:\Windows\System32\win32u.dll
0x00007ffce9130000 - 0x00007ffce915b000 	C:\Windows\System32\GDI32.dll
0x00007ffce7800000 - 0x00007ffce790f000 	C:\Windows\System32\gdi32full.dll
0x00007ffce7dc0000 - 0x00007ffce7e5d000 	C:\Windows\System32\msvcp_win.dll
0x00007ffcc3fa0000 - 0x00007ffcc3fb7000 	C:\Program Files\Android\Android Studio\jre\bin\VCRUNTIME140.dll
0x00007ffcd3910000 - 0x00007ffcd3baa000 	C:\Windows\WinSxS\amd64_microsoft.windows.common-controls_6595b64144ccf1df_6.0.19041.1110_none_60b5254171f9507e\COMCTL32.dll
0x00007ffce9020000 - 0x00007ffce90be000 	C:\Windows\System32\msvcrt.dll
0x00007ffce9290000 - 0x00007ffce92c0000 	C:\Windows\System32\IMM32.DLL
0x00007ffcab140000 - 0x00007ffcab1dd000 	C:\Program Files\Android\Android Studio\jre\bin\msvcp140.dll
0x00007ffc7f3f0000 - 0x00007ffc7fef2000 	C:\Program Files\Android\Android Studio\jre\bin\server\jvm.dll
0x00007ffce9ba0000 - 0x00007ffce9c4e000 	C:\Windows\System32\ADVAPI32.dll
0x00007ffce7ef0000 - 0x00007ffce7f8c000 	C:\Windows\System32\sechost.dll
0x00007ffce8440000 - 0x00007ffce8565000 	C:\Windows\System32\RPCRT4.dll
0x00007ffce9320000 - 0x00007ffce9328000 	C:\Windows\System32\PSAPI.DLL
0x00007ffcdecd0000 - 0x00007ffcdecd9000 	C:\Windows\SYSTEM32\WSOCK32.dll
0x00007ffce90c0000 - 0x00007ffce912b000 	C:\Windows\System32\WS2_32.dll
0x00007ffcd7610000 - 0x00007ffcd7637000 	C:\Windows\SYSTEM32\WINMM.dll
0x00007ffcdfd10000 - 0x00007ffcdfd1a000 	C:\Windows\SYSTEM32\VERSION.dll
0x00007ffce5df0000 - 0x00007ffce5e02000 	C:\Windows\SYSTEM32\kernel.appcore.dll
0x00007ffcdd7f0000 - 0x00007ffcdd801000 	C:\Program Files\Android\Android Studio\jre\bin\verify.dll
0x00007ffce5430000 - 0x00007ffce5614000 	C:\Windows\SYSTEM32\DBGHELP.DLL
0x00007ffcd75d0000 - 0x00007ffcd75fc000 	C:\Windows\SYSTEM32\dbgcore.DLL
0x00007ffce7e60000 - 0x00007ffce7ee2000 	C:\Windows\System32\bcryptPrimitives.dll
0x00007ffcd2f90000 - 0x00007ffcd2fb9000 	C:\Program Files\Android\Android Studio\jre\bin\java.dll
0x00007ffcddc40000 - 0x00007ffcddc4b000 	C:\Program Files\Android\Android Studio\jre\bin\jimage.dll
0x00007ffcdba30000 - 0x00007ffcdba48000 	C:\Program Files\Android\Android Studio\jre\bin\zip.dll
0x00007ffce93f0000 - 0x00007ffce9b33000 	C:\Windows\System32\SHELL32.dll
0x00007ffce5620000 - 0x00007ffce5db1000 	C:\Windows\SYSTEM32\windows.storage.dll
0x00007ffce80e0000 - 0x00007ffce8434000 	C:\Windows\System32\combase.dll
0x00007ffce6f20000 - 0x00007ffce6f50000 	C:\Windows\SYSTEM32\Wldp.dll
0x00007ffce8f10000 - 0x00007ffce8fbd000 	C:\Windows\System32\SHCORE.dll
0x00007ffce9b40000 - 0x00007ffce9b95000 	C:\Windows\System32\shlwapi.dll
0x00007ffce74e0000 - 0x00007ffce74ff000 	C:\Windows\SYSTEM32\profapi.dll
0x00007ffcd91e0000 - 0x00007ffcd91fa000 	C:\Program Files\Android\Android Studio\jre\bin\net.dll
0x00007ffcdc2e0000 - 0x00007ffcdc3ed000 	C:\Windows\SYSTEM32\WINHTTP.dll
0x00007ffce6c80000 - 0x00007ffce6cea000 	C:\Windows\system32\mswsock.dll
0x00007ffcd2f70000 - 0x00007ffcd2f84000 	C:\Program Files\Android\Android Studio\jre\bin\nio.dll
0x00007ffcdeb90000 - 0x00007ffcdebb7000 	C:\Users\PC\.gradle\native\e1d6ef7f7dcc3fd88c89a11ec53ec762bb8ba0a96d01ffa2cd45eb1d1d8dd5c5\windows-amd64\native-platform.dll
0x00007ffc92660000 - 0x00007ffc927a4000 	C:\Users\PC\.gradle\native\0d407fdbe67a94daf76414ababcb853783967236a71b16ec16e742cd7a986fd3\windows-amd64\native-platform-file-events.dll
0x00007ffcdd9d0000 - 0x00007ffcdd9da000 	C:\Program Files\Android\Android Studio\jre\bin\management.dll
0x00007ffcdbc00000 - 0x00007ffcdbc0d000 	C:\Program Files\Android\Android Studio\jre\bin\management_ext.dll
0x00007ffce6e80000 - 0x00007ffce6e98000 	C:\Windows\SYSTEM32\CRYPTSP.dll
0x00007ffce65a0000 - 0x00007ffce65d4000 	C:\Windows\system32\rsaenh.dll
0x00007ffce7910000 - 0x00007ffce7937000 	C:\Windows\System32\bcrypt.dll
0x00007ffce74a0000 - 0x00007ffce74ce000 	C:\Windows\SYSTEM32\USERENV.dll
0x00007ffce6e70000 - 0x00007ffce6e7c000 	C:\Windows\SYSTEM32\CRYPTBASE.dll
0x00007ffce6970000 - 0x00007ffce69ab000 	C:\Windows\SYSTEM32\IPHLPAPI.DLL
0x00007ffce8740000 - 0x00007ffce8748000 	C:\Windows\System32\NSI.dll
0x00007ffcdcd50000 - 0x00007ffcdcd67000 	C:\Windows\SYSTEM32\dhcpcsvc6.DLL
0x00007ffcdcb80000 - 0x00007ffcdcb9d000 	C:\Windows\SYSTEM32\dhcpcsvc.DLL
0x00007ffce69b0000 - 0x00007ffce6a7a000 	C:\Windows\SYSTEM32\DNSAPI.dll

dbghelp: loaded successfully - version: 4.0.5 - missing functions: none
symbol engine: initialized successfully - sym options: 0x614 - pdb path: .;C:\Program Files\Android\Android Studio\jre\bin;C:\Windows\SYSTEM32;C:\Windows\WinSxS\amd64_microsoft.windows.common-controls_6595b64144ccf1df_6.0.19041.1110_none_60b5254171f9507e;C:\Program Files\Android\Android Studio\jre\bin\server;C:\Users\PC\.gradle\native\e1d6ef7f7dcc3fd88c89a11ec53ec762bb8ba0a96d01ffa2cd45eb1d1d8dd5c5\windows-amd64;C:\Users\PC\.gradle\native\0d407fdbe67a94daf76414ababcb853783967236a71b16ec16e742cd7a986fd3\windows-amd64

VM Arguments:
jvm_args: --add-opens=java.base/java.util=ALL-UNNAMED --add-opens=java.base/java.lang=ALL-UNNAMED --add-opens=java.base/java.lang.invoke=ALL-UNNAMED --add-opens=java.base/java.util=ALL-UNNAMED --add-opens=java.prefs/java.util.prefs=ALL-UNNAMED --add-opens=java.prefs/java.util.prefs=ALL-UNNAMED --add-opens=java.base/java.nio.charset=ALL-UNNAMED --add-opens=java.base/java.net=ALL-UNNAMED --add-opens=java.base/java.util.concurrent.atomic=ALL-UNNAMED -Xmx2048m -Dfile.encoding=UTF-8 -Duser.country=US -Duser.language=en -Duser.variant 
java_command: org.gradle.launcher.daemon.bootstrap.GradleDaemon 7.4
java_class_path (initial): C:\Users\PC\.gradle\wrapper\dists\gradle-7.4-bin\c0gwcg53nkjbqw7r0h0umtfvt\gradle-7.4\lib\gradle-launcher-7.4.jar
Launcher Type: SUN_STANDARD

[Global flags]
     intx CICompilerCount                          = 3                                         {product} {ergonomic}
     uint ConcGCThreads                            = 1                                         {product} {ergonomic}
     uint G1ConcRefinementThreads                  = 4                                         {product} {ergonomic}
   size_t G1HeapRegionSize                         = 1048576                                   {product} {ergonomic}
    uintx GCDrainStackTargetSize                   = 64                                        {product} {ergonomic}
   size_t InitialHeapSize                          = 134217728                                 {product} {ergonomic}
   size_t MarkStackSize                            = 4194304                                   {product} {ergonomic}
   size_t MaxHeapSize                              = 2147483648                                {product} {command line}
   size_t MaxNewSize                               = 1287651328                                {product} {ergonomic}
   size_t MinHeapDeltaBytes                        = 1048576                                   {product} {ergonomic}
    uintx NonNMethodCodeHeapSize                   = 5830732                                {pd product} {ergonomic}
    uintx NonProfiledCodeHeapSize                  = 122913754                              {pd product} {ergonomic}
    uintx ProfiledCodeHeapSize                     = 122913754                              {pd product} {ergonomic}
    uintx ReservedCodeCacheSize                    = 251658240                              {pd product} {ergonomic}
     bool SegmentedCodeCache                       = true                                      {product} {ergonomic}
     bool UseCompressedClassPointers               = true                                 {lp64_product} {ergonomic}
     bool UseCompressedOops                        = true                                 {lp64_product} {ergonomic}
     bool UseG1GC                                  = true                                      {product} {ergonomic}
     bool UseLargePagesIndividualAllocation        = false                                  {pd product} {ergonomic}

Logging:
Log output configuration:
 #0: stdout all=warning uptime,level,tags
 #1: stderr all=off uptime,level,tags

Environment Variables:
JAVA_HOME=C:\Program Files\Java\jdk-19
PATH=C:\Program Files\Common Files\Oracle\Java\javapath;C:\Windows\system32;C:\Windows;C:\Windows\System32\Wbem;C:\Windows\System32\WindowsPowerShell\v1.0\;C:\Windows\System32\OpenSSH\;C:\Program Files\dotnet\;C:\Program Files\Microsoft SQL Server\Client SDK\ODBC\170\Tools\Binn\;C:\Program Files (x86)\Intel\Intel(R) Management Engine Components\DAL;C:\Program Files\Intel\Intel(R) Management Engine Components\DAL;C:\Users\PC\AppData\Local\Programs\Python\Python310\;C:\Program Files\nodejs\;C:\Program Files\Git\cmd;C:\Program Files\Java\jdk-19\bin;C:\Program Files\Microsoft SQL Server\130\Tools\Binn\;C:\Program Files\Microsoft SQL Server\150\Tools\Binn\;C:\Users\PC\AppData\Local\Microsoft\WindowsApps;C:\Users\PC\.dotnet\tools;C:\Program Files\JetBrains\IntelliJ IDEA Community Edition 2021.2.2\bin;C:\Users\PC\AppData\Local\atom\bin;C:\Program Files (x86)\SSH Communications Security\SSH Secure Shell;C:\Users\PC\AppData\Local\Programs\Python\Python310\;C:\Users\PC\AppData\Local\Programs\Python\Python310\Scripts;C:\Users\PC\AppData\Local\Programs\Microsoft VS Code\bin;C:\Users\PC\AppData\Roaming\npm;C:\Users\PC\AppData\Local\GitHubDesktop\bin;C:\Program Files\heroku\bin;C:\Program Files\Java\jdk-19;C:\Users\PC\.dotnet\tools
USERNAME=PC
OS=Windows_NT
PROCESSOR_IDENTIFIER=Intel64 Family 6 Model 78 Stepping 3, GenuineIntel



---------------  S Y S T E M  ---------------

OS: Windows 10 , 64 bit Build 19041 (10.0.19041.1889)
OS uptime: 4 days 11:21 hours

CPU:total 4 (initial active 4) (2 cores per cpu, 2 threads per core) family 6 model 78 stepping 3 microcode 0xcc, cmov, cx8, fxsr, mmx, sse, sse2, sse3, ssse3, sse4.1, sse4.2, popcnt, avx, avx2, aes, clmul, erms, rtm, 3dnowpref, lzcnt, ht, tsc, tscinvbit, bmi1, bmi2, adx, fma

Memory: 4k page, system-wide physical 8072M (484M free)
TotalPageFile size 10120M (AvailPageFile size 5M)
current process WorkingSet (physical memory assigned to process): 374M, peak: 374M
current process commit charge ("private bytes"): 404M, peak: 405M

vm_info: OpenJDK 64-Bit Server VM (11.0.13+0-b1751.21-8125866) for windows-amd64 JRE (11.0.13+0-b1751.21-8125866), built on Feb  2 2022 03:00:22 by "builder" with MS VC++ 14.0 (VS2015)

END.
