#
# There is insufficient memory for the Java Runtime Environment to continue.
# Native memory allocation (malloc) failed to allocate 80176 bytes for Chunk::new
# Possible reasons:
#   The system is out of physical RAM or swap space
#   The process is running with CompressedOops enabled, and the Java Heap may be blocking the growth of the native heap
# Possible solutions:
#   Reduce memory load on the system
#   Increase physical memory or swap space
#   Check if swap backing store is full
#   Decrease Java heap size (-Xmx/-Xms)
#   Decrease number of Java threads
#   Decrease Java thread stack sizes (-Xss)
#   Set larger code cache with -XX:ReservedCodeCacheSize=
#   JVM is running with Unscaled Compressed Oops mode in which the Java heap is
#     placed in the first 4GB address space. The Java Heap base address is the
#     maximum limit for the native heap growth. Please use -XX:HeapBaseMinAddress
#     to set the Java Heap base and to place the Java Heap above 4GB virtual address.
# This output file may be truncated or incomplete.
#
#  Out of Memory Error (./src/hotspot/share/memory/arena.cpp:197), pid=20872, tid=22832
#
# JRE version: OpenJDK Runtime Environment (11.0.13) (build 11.0.13+0-b1751.21-8125866)
# Java VM: OpenJDK 64-Bit Server VM (11.0.13+0-b1751.21-8125866, mixed mode, tiered, compressed oops, g1 gc, windows-amd64)
# No core dump will be written. Minidumps are not enabled by default on client versions of Windows
#

---------------  S U M M A R Y ------------

Command Line: --add-opens=java.base/java.util=ALL-UNNAMED --add-opens=java.base/java.lang=ALL-UNNAMED --add-opens=java.base/java.lang.invoke=ALL-UNNAMED --add-opens=java.base/java.util=ALL-UNNAMED --add-opens=java.prefs/java.util.prefs=ALL-UNNAMED --add-opens=java.prefs/java.util.prefs=ALL-UNNAMED --add-opens=java.base/java.nio.charset=ALL-UNNAMED --add-opens=java.base/java.net=ALL-UNNAMED --add-opens=java.base/java.util.concurrent.atomic=ALL-UNNAMED -Xmx2048m -Dfile.encoding=UTF-8 -Duser.country=US -Duser.language=en -Duser.variant org.gradle.launcher.daemon.bootstrap.GradleDaemon 7.4

Host: Intel(R) Core(TM) i5-6300U CPU @ 2.40GHz, 4 cores, 7G,  Windows 10 , 64 bit Build 19041 (10.0.19041.1889)
Time: Sat Oct 29 14:50:50 2022 Pakistan Standard Time elapsed time: 3567.573819 seconds (0d 0h 59m 27s)

---------------  T H R E A D  ---------------

Current thread (0x0000020b64dd7000):  JavaThread "C2 CompilerThread0" daemon [_thread_in_native, id=22832, stack(0x0000002acf700000,0x0000002acf800000)]


Current CompileTask:
C2:3567574 20264       4       java.util.concurrent.ConcurrentHashMap::addCount (289 bytes)

Stack: [0x0000002acf700000,0x0000002acf800000]
Native frames: (J=compiled Java code, j=interpreted, Vv=VM code, C=native code)
V  [jvm.dll+0x6100fa]
V  [jvm.dll+0x747090]
V  [jvm.dll+0x7486ad]
V  [jvm.dll+0x748d83]
V  [jvm.dll+0x24ab48]
V  [jvm.dll+0xc04dc]
V  [jvm.dll+0xc0a0c]
V  [jvm.dll+0x35eb9d]
V  [jvm.dll+0x32b833]
V  [jvm.dll+0x32ad2a]
V  [jvm.dll+0x2032b2]
V  [jvm.dll+0x202437]
V  [jvm.dll+0x188e01]
V  [jvm.dll+0x21106b]
V  [jvm.dll+0x20f8c1]
V  [jvm.dll+0x70de0f]
V  [jvm.dll+0x706a75]
V  [jvm.dll+0x60ed66]
C  [ucrtbase.dll+0x21bb2]
C  [KERNEL32.DLL+0x17034]
C  [ntdll.dll+0x526a1]


---------------  P R O C E S S  ---------------

Threads class SMR info:
_java_thread_list=0x0000020b68c761a0, length=89, elements={
0x0000020b4b1ac800, 0x0000020b64db2800, 0x0000020b64dbd800, 0x0000020b65742800,
0x0000020b64dd1000, 0x0000020b64dd2000, 0x0000020b64dd7000, 0x0000020b64dd8800,
0x0000020b64dfc000, 0x0000020b6588b800, 0x0000020b67a36800, 0x0000020b669b7800,
0x0000020b669b8800, 0x0000020b679e4800, 0x0000020b679e2000, 0x0000020b679e8800,
0x0000020b679e9000, 0x0000020b679e3800, 0x0000020b679ee000, 0x0000020b679eb000,
0x0000020b679ec800, 0x0000020b679ed000, 0x0000020b679f0800, 0x0000020b6b057000,
0x0000020b67fbc800, 0x0000020b6ef58800, 0x0000020b6ef5a000, 0x0000020b6ef5b000,
0x0000020b6ef55000, 0x0000020b6ef59000, 0x0000020b6ef56000, 0x0000020b6ef5b800,
0x0000020b6ef5c800, 0x0000020b6ef57000, 0x0000020b6ef5d800, 0x0000020b6ef57800,
0x0000020b6ef5e000, 0x0000020b6ef60800, 0x0000020b6ef63000, 0x0000020b6ef61800,
0x0000020b6ef5f000, 0x0000020b6ef62000, 0x0000020b6ef64000, 0x0000020b67fbd800,
0x0000020b67fbb800, 0x0000020b67fb8800, 0x0000020b67fbf000, 0x0000020b67fc0000,
0x0000020b67fba000, 0x0000020b67fc0800, 0x0000020b67fbb000, 0x0000020b67fc7000,
0x0000020b67fc2000, 0x0000020b67fc4000, 0x0000020b67fc4800, 0x0000020b67fc3000,
0x0000020b67fc6800, 0x0000020b67fc1800, 0x0000020b67fc5800, 0x0000020b6b05c800,
0x0000020b6b05c000, 0x0000020b6b05d800, 0x0000020b6b057800, 0x0000020b6b064000,
0x0000020b6b061800, 0x0000020b6b05f000, 0x0000020b6b05e000, 0x0000020b6b065000,
0x0000020b6b065800, 0x0000020b6b062800, 0x0000020b6b063000, 0x0000020b6b060000,
0x0000020b6b060800, 0x0000020b679e2800, 0x0000020b679ea000, 0x0000020b679e5000,
0x0000020b679eb800, 0x0000020b679e6000, 0x0000020b679e7800, 0x0000020b679ef000,
0x0000020b679ef800, 0x0000020b669b6000, 0x0000020b669b6800, 0x0000020b6f3d1000,
0x0000020b6f3d2000, 0x0000020b6f3cc000, 0x0000020b6f3cf800, 0x0000020b6f3ce000,
0x0000020b6922d000
}

Java Threads: ( => current thread )
  0x0000020b4b1ac800 JavaThread "main" [_thread_blocked, id=40912, stack(0x0000002aceb00000,0x0000002acec00000)]
  0x0000020b64db2800 JavaThread "Reference Handler" daemon [_thread_blocked, id=18448, stack(0x0000002acf200000,0x0000002acf300000)]
  0x0000020b64dbd800 JavaThread "Finalizer" daemon [_thread_blocked, id=28700, stack(0x0000002acf300000,0x0000002acf400000)]
  0x0000020b65742800 JavaThread "Signal Dispatcher" daemon [_thread_blocked, id=36792, stack(0x0000002acf400000,0x0000002acf500000)]
  0x0000020b64dd1000 JavaThread "Attach Listener" daemon [_thread_blocked, id=27692, stack(0x0000002acf500000,0x0000002acf600000)]
  0x0000020b64dd2000 JavaThread "Service Thread" daemon [_thread_blocked, id=5300, stack(0x0000002acf600000,0x0000002acf700000)]
=>0x0000020b64dd7000 JavaThread "C2 CompilerThread0" daemon [_thread_in_native, id=22832, stack(0x0000002acf700000,0x0000002acf800000)]
  0x0000020b64dd8800 JavaThread "C1 CompilerThread0" daemon [_thread_in_native, id=24504, stack(0x0000002acf800000,0x0000002acf900000)]
  0x0000020b64dfc000 JavaThread "Sweeper thread" daemon [_thread_blocked, id=33816, stack(0x0000002acf900000,0x0000002acfa00000)]
  0x0000020b6588b800 JavaThread "Common-Cleaner" daemon [_thread_blocked, id=16488, stack(0x0000002acfa00000,0x0000002acfb00000)]
  0x0000020b67a36800 JavaThread "Daemon health stats" [_thread_blocked, id=20864, stack(0x0000002acff00000,0x0000002ad0000000)]
  0x0000020b669b7800 JavaThread "Incoming local TCP Connector on port 12917" [_thread_in_native, id=18660, stack(0x0000002acfc00000,0x0000002acfd00000)]
  0x0000020b669b8800 JavaThread "Daemon periodic checks" [_thread_blocked, id=32744, stack(0x0000002ad0000000,0x0000002ad0100000)]
  0x0000020b679e4800 JavaThread "Cache worker for journal cache (C:\Users\PC\.gradle\caches\journal-1)" [_thread_blocked, id=40240, stack(0x0000002ad0a00000,0x0000002ad0b00000)]
  0x0000020b679e2000 JavaThread "File lock request listener" [_thread_in_native, id=28824, stack(0x0000002ad0b00000,0x0000002ad0c00000)]
  0x0000020b679e8800 JavaThread "Cache worker for file hash cache (C:\Users\PC\.gradle\caches\7.4\fileHashes)" [_thread_blocked, id=3452, stack(0x0000002ad0c00000,0x0000002ad0d00000)]
  0x0000020b679e9000 JavaThread "File watcher server" daemon [_thread_in_native, id=15112, stack(0x0000002ad0d00000,0x0000002ad0e00000)]
  0x0000020b679e3800 JavaThread "File watcher consumer" daemon [_thread_blocked, id=32480, stack(0x0000002ad0e00000,0x0000002ad0f00000)]
  0x0000020b679ee000 JavaThread "jar transforms" [_thread_blocked, id=5528, stack(0x0000002ad0f00000,0x0000002ad1000000)]
  0x0000020b679eb000 JavaThread "jar transforms Thread 2" [_thread_blocked, id=38904, stack(0x0000002ad1000000,0x0000002ad1100000)]
  0x0000020b679ec800 JavaThread "jar transforms Thread 3" [_thread_blocked, id=15716, stack(0x0000002ad1100000,0x0000002ad1200000)]
  0x0000020b679ed000 JavaThread "jar transforms Thread 4" [_thread_blocked, id=12536, stack(0x0000002ad1200000,0x0000002ad1300000)]
  0x0000020b679f0800 JavaThread "Cache worker for execution history cache (C:\Users\PC\.gradle\caches\7.4\executionHistory)" [_thread_blocked, id=22484, stack(0x0000002ad1700000,0x0000002ad1800000)]
  0x0000020b6b057000 JavaThread "Cache worker for file content cache (C:\Users\PC\.gradle\caches\7.4\fileContent)" [_thread_blocked, id=37664, stack(0x0000002ad1800000,0x0000002ad1900000)]
  0x0000020b67fbc800 JavaThread "Memory manager" [_thread_blocked, id=9316, stack(0x0000002ad4300000,0x0000002ad4400000)]
  0x0000020b6ef58800 JavaThread "Daemon Thread 3" [_thread_blocked, id=14172, stack(0x0000002ace800000,0x0000002ace900000)]
  0x0000020b6ef5a000 JavaThread "Handler for socket connection from /127.0.0.1:12917 to /127.0.0.1:13184" [_thread_in_native, id=33500, stack(0x0000002ace900000,0x0000002acea00000)]
  0x0000020b6ef5b000 JavaThread "Cancel handler" [_thread_blocked, id=6764, stack(0x0000002acea00000,0x0000002aceb00000)]
  0x0000020b6ef55000 JavaThread "Daemon worker Thread 3" [_thread_blocked, id=28104, stack(0x0000002ad0100000,0x0000002ad0200000)]
  0x0000020b6ef59000 JavaThread "Asynchronous log dispatcher for DefaultDaemonConnection: socket connection from /127.0.0.1:12917 to /127.0.0.1:13184" [_thread_blocked, id=17880, stack(0x0000002ad0200000,0x0000002ad0300000)]
  0x0000020b6ef56000 JavaThread "Stdin handler" [_thread_blocked, id=9296, stack(0x0000002ad0400000,0x0000002ad0500000)]
  0x0000020b6ef5b800 JavaThread "Daemon client event forwarder" [_thread_blocked, id=6212, stack(0x0000002ad0500000,0x0000002ad0600000)]
  0x0000020b6ef5c800 JavaThread "Cache worker for checksums cache (E:\Programs\MC\Lec4-ButtonAndIntentPage\.gradle\7.4\checksums)" [_thread_blocked, id=28160, stack(0x0000002ad0600000,0x0000002ad0700000)]
  0x0000020b6ef57000 JavaThread "Cache worker for cache directory md-rule (C:\Users\PC\.gradle\caches\7.4\md-rule)" [_thread_blocked, id=37772, stack(0x0000002ad0700000,0x0000002ad0800000)]
  0x0000020b6ef5d800 JavaThread "Cache worker for file hash cache (E:\Programs\MC\Lec4-ButtonAndIntentPage\.gradle\7.4\fileHashes)" [_thread_blocked, id=19836, stack(0x0000002ad0800000,0x0000002ad0900000)]
  0x0000020b6ef57800 JavaThread "Cache worker for cache directory md-supplier (C:\Users\PC\.gradle\caches\7.4\md-supplier)" [_thread_blocked, id=31552, stack(0x0000002ad0900000,0x0000002ad0a00000)]
  0x0000020b6ef5e000 JavaThread "Cache worker for dependencies-accessors (E:\Programs\MC\Lec4-ButtonAndIntentPage\.gradle\7.4\dependencies-accessors)" [_thread_blocked, id=34920, stack(0x0000002ad1300000,0x0000002ad1400000)]
  0x0000020b6ef60800 JavaThread "Cache worker for Build Output Cleanup Cache (E:\Programs\MC\Lec4-ButtonAndIntentPage\.gradle\buildOutputCleanup)" [_thread_blocked, id=20576, stack(0x0000002ad1500000,0x0000002ad1600000)]
  0x0000020b6ef63000 JavaThread "Unconstrained build operations" [_thread_blocked, id=28740, stack(0x0000002ad1600000,0x0000002ad1700000)]
  0x0000020b6ef61800 JavaThread "Unconstrained build operations Thread 2" [_thread_blocked, id=30544, stack(0x0000002ad1900000,0x0000002ad1a00000)]
  0x0000020b6ef5f000 JavaThread "Unconstrained build operations Thread 3" [_thread_blocked, id=2132, stack(0x0000002ad1a00000,0x0000002ad1b00000)]
  0x0000020b6ef62000 JavaThread "Unconstrained build operations Thread 4" [_thread_blocked, id=24148, stack(0x0000002ad1b00000,0x0000002ad1c00000)]
  0x0000020b6ef64000 JavaThread "Unconstrained build operations Thread 5" [_thread_in_native, id=2616, stack(0x0000002ad1c00000,0x0000002ad1d00000)]
  0x0000020b67fbd800 JavaThread "Unconstrained build operations Thread 6" [_thread_blocked, id=19640, stack(0x0000002ad1d00000,0x0000002ad1e00000)]
  0x0000020b67fbb800 JavaThread "Unconstrained build operations Thread 7" [_thread_blocked, id=22944, stack(0x0000002ad1e00000,0x0000002ad1f00000)]
  0x0000020b67fb8800 JavaThread "Unconstrained build operations Thread 8" [_thread_blocked, id=10152, stack(0x0000002ad1f00000,0x0000002ad2000000)]
  0x0000020b67fbf000 JavaThread "Unconstrained build operations Thread 9" [_thread_blocked, id=17208, stack(0x0000002ad2000000,0x0000002ad2100000)]
  0x0000020b67fc0000 JavaThread "Unconstrained build operations Thread 10" [_thread_blocked, id=31520, stack(0x0000002ad2100000,0x0000002ad2200000)]
  0x0000020b67fba000 JavaThread "Unconstrained build operations Thread 11" [_thread_blocked, id=24456, stack(0x0000002ad2200000,0x0000002ad2300000)]
  0x0000020b67fc0800 JavaThread "Unconstrained build operations Thread 12" [_thread_blocked, id=13552, stack(0x0000002ad2300000,0x0000002ad2400000)]
  0x0000020b67fbb000 JavaThread "Unconstrained build operations Thread 13" [_thread_blocked, id=8, stack(0x0000002ad2400000,0x0000002ad2500000)]
  0x0000020b67fc7000 JavaThread "Unconstrained build operations Thread 14" [_thread_blocked, id=28844, stack(0x0000002ad2500000,0x0000002ad2600000)]
  0x0000020b67fc2000 JavaThread "Unconstrained build operations Thread 15" [_thread_blocked, id=3524, stack(0x0000002ad2600000,0x0000002ad2700000)]
  0x0000020b67fc4000 JavaThread "Unconstrained build operations Thread 16" [_thread_blocked, id=24856, stack(0x0000002ad2700000,0x0000002ad2800000)]
  0x0000020b67fc4800 JavaThread "Unconstrained build operations Thread 17" [_thread_blocked, id=15256, stack(0x0000002ad2800000,0x0000002ad2900000)]
  0x0000020b67fc3000 JavaThread "Unconstrained build operations Thread 18" [_thread_blocked, id=40224, stack(0x0000002ad2900000,0x0000002ad2a00000)]
  0x0000020b67fc6800 JavaThread "Unconstrained build operations Thread 19" [_thread_blocked, id=7236, stack(0x0000002ad2a00000,0x0000002ad2b00000)]
  0x0000020b67fc1800 JavaThread "Unconstrained build operations Thread 20" [_thread_blocked, id=20716, stack(0x0000002ad2b00000,0x0000002ad2c00000)]
  0x0000020b67fc5800 JavaThread "Unconstrained build operations Thread 21" [_thread_blocked, id=19212, stack(0x0000002ad2c00000,0x0000002ad2d00000)]
  0x0000020b6b05c800 JavaThread "Unconstrained build operations Thread 22" [_thread_blocked, id=34620, stack(0x0000002ad2d00000,0x0000002ad2e00000)]
  0x0000020b6b05c000 JavaThread "Unconstrained build operations Thread 23" [_thread_blocked, id=5672, stack(0x0000002ad2e00000,0x0000002ad2f00000)]
  0x0000020b6b05d800 JavaThread "Unconstrained build operations Thread 24" [_thread_blocked, id=40244, stack(0x0000002ad2f00000,0x0000002ad3000000)]
  0x0000020b6b057800 JavaThread "Unconstrained build operations Thread 25" [_thread_blocked, id=548, stack(0x0000002ad3000000,0x0000002ad3100000)]
  0x0000020b6b064000 JavaThread "Unconstrained build operations Thread 26" [_thread_blocked, id=31948, stack(0x0000002ad3100000,0x0000002ad3200000)]
  0x0000020b6b061800 JavaThread "Unconstrained build operations Thread 27" [_thread_blocked, id=33320, stack(0x0000002ad3200000,0x0000002ad3300000)]
  0x0000020b6b05f000 JavaThread "Unconstrained build operations Thread 28" [_thread_blocked, id=16640, stack(0x0000002ad3300000,0x0000002ad3400000)]
  0x0000020b6b05e000 JavaThread "Unconstrained build operations Thread 29" [_thread_blocked, id=30600, stack(0x0000002ad3400000,0x0000002ad3500000)]
  0x0000020b6b065000 JavaThread "Unconstrained build operations Thread 30" [_thread_blocked, id=39804, stack(0x0000002ad3500000,0x0000002ad3600000)]
  0x0000020b6b065800 JavaThread "Unconstrained build operations Thread 31" [_thread_blocked, id=9860, stack(0x0000002ad3600000,0x0000002ad3700000)]
  0x0000020b6b062800 JavaThread "Unconstrained build operations Thread 32" [_thread_blocked, id=19580, stack(0x0000002ad3700000,0x0000002ad3800000)]
  0x0000020b6b063000 JavaThread "Unconstrained build operations Thread 33" [_thread_blocked, id=24368, stack(0x0000002ad3800000,0x0000002ad3900000)]
  0x0000020b6b060000 JavaThread "Unconstrained build operations Thread 34" [_thread_blocked, id=38712, stack(0x0000002ad3900000,0x0000002ad3a00000)]
  0x0000020b6b060800 JavaThread "Unconstrained build operations Thread 35" [_thread_blocked, id=8880, stack(0x0000002ad3a00000,0x0000002ad3b00000)]
  0x0000020b679e2800 JavaThread "Unconstrained build operations Thread 36" [_thread_blocked, id=14368, stack(0x0000002ad3b00000,0x0000002ad3c00000)]
  0x0000020b679ea000 JavaThread "Unconstrained build operations Thread 37" [_thread_blocked, id=33176, stack(0x0000002ad3c00000,0x0000002ad3d00000)]
  0x0000020b679e5000 JavaThread "Unconstrained build operations Thread 38" [_thread_blocked, id=31464, stack(0x0000002ad3d00000,0x0000002ad3e00000)]
  0x0000020b679eb800 JavaThread "Unconstrained build operations Thread 39" [_thread_blocked, id=21272, stack(0x0000002ad3e00000,0x0000002ad3f00000)]
  0x0000020b679e6000 JavaThread "Unconstrained build operations Thread 40" [_thread_in_Java, id=14780, stack(0x0000002ad3f00000,0x0000002ad4000000)]
  0x0000020b679e7800 JavaThread "build event listener" [_thread_blocked, id=40352, stack(0x0000002ad4000000,0x0000002ad4100000)]
  0x0000020b679ef000 JavaThread "included builds" [_thread_blocked, id=23448, stack(0x0000002ad4100000,0x0000002ad4200000)]
  0x0000020b679ef800 JavaThread "Execution worker for ':'" [_thread_blocked, id=26860, stack(0x0000002ad4200000,0x0000002ad4300000)]
  0x0000020b669b6000 JavaThread "Execution worker for ':' Thread 2" [_thread_blocked, id=7080, stack(0x0000002ad4400000,0x0000002ad4500000)]
  0x0000020b669b6800 JavaThread "Execution worker for ':' Thread 3" [_thread_blocked, id=19192, stack(0x0000002ad4500000,0x0000002ad4600000)]
  0x0000020b6f3d1000 JavaThread "Cache worker for execution history cache (E:\Programs\MC\Lec4-ButtonAndIntentPage\.gradle\7.4\executionHistory)" [_thread_blocked, id=11056, stack(0x0000002ad4600000,0x0000002ad4700000)]
  0x0000020b6f3d2000 JavaThread "WorkerExecutor Queue" [_thread_blocked, id=28676, stack(0x0000002ad4700000,0x0000002ad4800000)]
  0x0000020b6f3cc000 JavaThread "WorkerExecutor Queue Thread 3" [_thread_blocked, id=25228, stack(0x0000002ad4900000,0x0000002ad4a00000)]
  0x0000020b6f3cf800 JavaThread "WorkerExecutor Queue Thread 4" [_thread_in_native, id=27892, stack(0x0000002ad4a00000,0x0000002ad4b00000)]
  0x0000020b6f3ce000 JavaThread "WorkerExecutor Queue Thread 5" [_thread_blocked, id=17032, stack(0x0000002ad4c00000,0x0000002ad4d00000)]
  0x0000020b6922d000 JavaThread "C2 CompilerThread1" daemon [_thread_in_native, id=25752, stack(0x0000002ad1400000,0x0000002ad1500000)]

Other Threads:
  0x0000020b64dac800 VMThread "VM Thread" [stack: 0x0000002acf100000,0x0000002acf200000] [id=27644]
  0x0000020b658a6800 WatcherThread [stack: 0x0000002acfb00000,0x0000002acfc00000] [id=28304]
  0x0000020b4b1c7000 GCTaskThread "GC Thread#0" [stack: 0x0000002acec00000,0x0000002aced00000] [id=36284]
  0x0000020b66530000 GCTaskThread "GC Thread#1" [stack: 0x0000002acfd00000,0x0000002acfe00000] [id=28092]
  0x0000020b66566000 GCTaskThread "GC Thread#2" [stack: 0x0000002acfe00000,0x0000002acff00000] [id=28800]
  0x0000020b67884800 GCTaskThread "GC Thread#3" [stack: 0x0000002ad0300000,0x0000002ad0400000] [id=7824]
  0x0000020b4b1f8800 ConcurrentGCThread "G1 Main Marker" [stack: 0x0000002aced00000,0x0000002acee00000] [id=23428]
  0x0000020b4b1fa000 ConcurrentGCThread "G1 Conc#0" [stack: 0x0000002acee00000,0x0000002acef00000] [id=17988]
  0x0000020b4b28a000 ConcurrentGCThread "G1 Refine#0" [stack: 0x0000002acef00000,0x0000002acf000000] [id=38644]
  0x0000020b4b28b000 ConcurrentGCThread "G1 Young RemSet Sampling" [stack: 0x0000002acf000000,0x0000002acf100000] [id=27828]

Threads with active compile tasks:
C2 CompilerThread03567634 20264       4       java.util.concurrent.ConcurrentHashMap::addCount (289 bytes)
C2 CompilerThread13567634 20248       4       org.gradle.internal.instantiation.generator.AbstractClassGenerator$PropertyMetadata::hasAnnotation (40 bytes)

VM state:not at safepoint (normal execution)

VM Mutex/Monitor currently owned by a thread: None

Heap address: 0x0000000080000000, size: 2048 MB, Compressed Oops mode: 32-bit
Narrow klass base: 0x0000000000000000, Narrow klass shift: 3
Compressed class space size: 1073741824 Address: 0x0000000100000000

Heap:
 garbage-first heap   total 273408K, used 172808K [0x0000000080000000, 0x0000000100000000)
  region size 1024K, 13 young (13312K), 1 survivors (1024K)
 Metaspace       used 129452K, capacity 132492K, committed 132508K, reserved 1165312K
  class space    used 15804K, capacity 16886K, committed 16896K, reserved 1048576K
Heap Regions: E=young(eden), S=young(survivor), O=old, HS=humongous(starts), HC=humongous(continues), CS=collection set, F=free, A=archive, TAMS=top-at-mark-start (previous, next)
|   0|0x0000000080000000, 0x0000000080100000, 0x0000000080100000|100%|HS|  |TAMS 0x0000000080100000, 0x0000000080000000| Complete 
|   1|0x0000000080100000, 0x0000000080200000, 0x0000000080200000|100%|HC|  |TAMS 0x0000000080200000, 0x0000000080100000| Complete 
|   2|0x0000000080200000, 0x0000000080300000, 0x0000000080300000|100%|HC|  |TAMS 0x0000000080300000, 0x0000000080200000| Complete 
|   3|0x0000000080300000, 0x0000000080400000, 0x0000000080400000|100%| O|  |TAMS 0x0000000080400000, 0x0000000080300000| Untracked 
|   4|0x0000000080400000, 0x0000000080500000, 0x0000000080500000|100%| O|  |TAMS 0x0000000080500000, 0x0000000080400000| Untracked 
|   5|0x0000000080500000, 0x0000000080600000, 0x0000000080600000|100%| O|  |TAMS 0x0000000080600000, 0x0000000080500000| Untracked 
|   6|0x0000000080600000, 0x0000000080700000, 0x0000000080700000|100%| O|  |TAMS 0x0000000080700000, 0x0000000080600000| Untracked 
|   7|0x0000000080700000, 0x0000000080800000, 0x0000000080800000|100%| O|  |TAMS 0x0000000080800000, 0x0000000080700000| Untracked 
|   8|0x0000000080800000, 0x0000000080900000, 0x0000000080900000|100%| O|  |TAMS 0x0000000080900000, 0x0000000080800000| Untracked 
|   9|0x0000000080900000, 0x0000000080a00000, 0x0000000080a00000|100%| O|  |TAMS 0x0000000080a00000, 0x0000000080900000| Untracked 
|  10|0x0000000080a00000, 0x0000000080b00000, 0x0000000080b00000|100%| O|  |TAMS 0x0000000080b00000, 0x0000000080a00000| Untracked 
|  11|0x0000000080b00000, 0x0000000080c00000, 0x0000000080c00000|100%| O|  |TAMS 0x0000000080c00000, 0x0000000080b00000| Untracked 
|  12|0x0000000080c00000, 0x0000000080d00000, 0x0000000080d00000|100%| O|  |TAMS 0x0000000080c00000, 0x0000000080c00000| Untracked 
|  13|0x0000000080d00000, 0x0000000080e00000, 0x0000000080e00000|100%| O|  |TAMS 0x0000000080e00000, 0x0000000080d00000| Untracked 
|  14|0x0000000080e00000, 0x0000000080f00000, 0x0000000080f00000|100%| O|  |TAMS 0x0000000080f00000, 0x0000000080e00000| Untracked 
|  15|0x0000000080f00000, 0x0000000081000000, 0x0000000081000000|100%| O|  |TAMS 0x0000000081000000, 0x0000000080f00000| Untracked 
|  16|0x0000000081000000, 0x0000000081100000, 0x0000000081100000|100%|HS|  |TAMS 0x0000000081100000, 0x0000000081000000| Complete 
|  17|0x0000000081100000, 0x0000000081200000, 0x0000000081200000|100%|HC|  |TAMS 0x0000000081200000, 0x0000000081100000| Complete 
|  18|0x0000000081200000, 0x0000000081300000, 0x0000000081300000|100%|HS|  |TAMS 0x0000000081300000, 0x0000000081200000| Complete 
|  19|0x0000000081300000, 0x0000000081400000, 0x0000000081400000|100%|HC|  |TAMS 0x0000000081400000, 0x0000000081300000| Complete 
|  20|0x0000000081400000, 0x0000000081500000, 0x0000000081500000|100%|HC|  |TAMS 0x0000000081500000, 0x0000000081400000| Complete 
|  21|0x0000000081500000, 0x0000000081600000, 0x0000000081600000|100%|HS|  |TAMS 0x0000000081600000, 0x0000000081500000| Complete 
|  22|0x0000000081600000, 0x0000000081700000, 0x0000000081700000|100%|HC|  |TAMS 0x0000000081700000, 0x0000000081600000| Complete 
|  23|0x0000000081700000, 0x0000000081800000, 0x0000000081800000|100%|HC|  |TAMS 0x0000000081800000, 0x0000000081700000| Complete 
|  24|0x0000000081800000, 0x0000000081900000, 0x0000000081900000|100%|HS|  |TAMS 0x0000000081900000, 0x0000000081800000| Complete 
|  25|0x0000000081900000, 0x0000000081a00000, 0x0000000081a00000|100%|HC|  |TAMS 0x0000000081a00000, 0x0000000081900000| Complete 
|  26|0x0000000081a00000, 0x0000000081b00000, 0x0000000081b00000|100%|HC|  |TAMS 0x0000000081b00000, 0x0000000081a00000| Complete 
|  27|0x0000000081b00000, 0x0000000081c00000, 0x0000000081c00000|100%|HC|  |TAMS 0x0000000081c00000, 0x0000000081b00000| Complete 
|  28|0x0000000081c00000, 0x0000000081d00000, 0x0000000081d00000|100%|HS|  |TAMS 0x0000000081d00000, 0x0000000081c00000| Complete 
|  29|0x0000000081d00000, 0x0000000081e00000, 0x0000000081e00000|100%|HC|  |TAMS 0x0000000081e00000, 0x0000000081d00000| Complete 
|  30|0x0000000081e00000, 0x0000000081f00000, 0x0000000081f00000|100%|HC|  |TAMS 0x0000000081f00000, 0x0000000081e00000| Complete 
|  31|0x0000000081f00000, 0x0000000082000000, 0x0000000082000000|100%|HC|  |TAMS 0x0000000082000000, 0x0000000081f00000| Complete 
|  32|0x0000000082000000, 0x0000000082100000, 0x0000000082100000|100%|HC|  |TAMS 0x0000000082100000, 0x0000000082000000| Complete 
|  33|0x0000000082100000, 0x0000000082200000, 0x0000000082200000|100%| O|  |TAMS 0x0000000082200000, 0x0000000082100000| Untracked 
|  34|0x0000000082200000, 0x0000000082300000, 0x0000000082300000|100%| O|  |TAMS 0x0000000082300000, 0x0000000082200000| Untracked 
|  35|0x0000000082300000, 0x0000000082400000, 0x0000000082400000|100%| O|  |TAMS 0x0000000082400000, 0x0000000082300000| Untracked 
|  36|0x0000000082400000, 0x0000000082500000, 0x0000000082500000|100%| O|  |TAMS 0x0000000082500000, 0x0000000082400000| Untracked 
|  37|0x0000000082500000, 0x0000000082600000, 0x0000000082600000|100%| O|  |TAMS 0x0000000082600000, 0x0000000082500000| Untracked 
|  38|0x0000000082600000, 0x0000000082700000, 0x0000000082700000|100%| O|  |TAMS 0x0000000082700000, 0x0000000082600000| Untracked 
|  39|0x0000000082700000, 0x0000000082800000, 0x0000000082800000|100%| O|  |TAMS 0x0000000082800000, 0x0000000082700000| Untracked 
|  40|0x0000000082800000, 0x0000000082900000, 0x0000000082900000|100%| O|  |TAMS 0x0000000082900000, 0x0000000082800000| Untracked 
|  41|0x0000000082900000, 0x0000000082a00000, 0x0000000082a00000|100%| O|  |TAMS 0x0000000082a00000, 0x0000000082900000| Untracked 
|  42|0x0000000082a00000, 0x0000000082b00000, 0x0000000082b00000|100%|HS|  |TAMS 0x0000000082b00000, 0x0000000082a00000| Complete 
|  43|0x0000000082b00000, 0x0000000082c00000, 0x0000000082c00000|100%|HC|  |TAMS 0x0000000082c00000, 0x0000000082b00000| Complete 
|  44|0x0000000082c00000, 0x0000000082d00000, 0x0000000082d00000|100%|HC|  |TAMS 0x0000000082d00000, 0x0000000082c00000| Complete 
|  45|0x0000000082d00000, 0x0000000082e00000, 0x0000000082e00000|100%|HC|  |TAMS 0x0000000082e00000, 0x0000000082d00000| Complete 
|  46|0x0000000082e00000, 0x0000000082f00000, 0x0000000082f00000|100%|HS|  |TAMS 0x0000000082f00000, 0x0000000082e00000| Complete 
|  47|0x0000000082f00000, 0x0000000083000000, 0x0000000083000000|100%|HC|  |TAMS 0x0000000083000000, 0x0000000082f00000| Complete 
|  48|0x0000000083000000, 0x0000000083100000, 0x0000000083100000|100%|HC|  |TAMS 0x0000000083100000, 0x0000000083000000| Complete 
|  49|0x0000000083100000, 0x0000000083200000, 0x0000000083200000|100%|HS|  |TAMS 0x0000000083200000, 0x0000000083100000| Complete 
|  50|0x0000000083200000, 0x0000000083300000, 0x0000000083300000|100%|HC|  |TAMS 0x0000000083300000, 0x0000000083200000| Complete 
|  51|0x0000000083300000, 0x0000000083400000, 0x0000000083400000|100%|HS|  |TAMS 0x0000000083400000, 0x0000000083300000| Complete 
|  52|0x0000000083400000, 0x0000000083500000, 0x0000000083500000|100%|HC|  |TAMS 0x0000000083500000, 0x0000000083400000| Complete 
|  53|0x0000000083500000, 0x0000000083600000, 0x0000000083600000|100%|HC|  |TAMS 0x0000000083600000, 0x0000000083500000| Complete 
|  54|0x0000000083600000, 0x0000000083700000, 0x0000000083700000|100%| O|  |TAMS 0x0000000083700000, 0x0000000083600000| Untracked 
|  55|0x0000000083700000, 0x0000000083800000, 0x0000000083800000|100%| O|  |TAMS 0x0000000083800000, 0x0000000083700000| Untracked 
|  56|0x0000000083800000, 0x0000000083900000, 0x0000000083900000|100%| O|  |TAMS 0x0000000083800000, 0x0000000083800000| Untracked 
|  57|0x0000000083900000, 0x0000000083a00000, 0x0000000083a00000|100%| O|  |TAMS 0x0000000083a00000, 0x0000000083900000| Untracked 
|  58|0x0000000083a00000, 0x0000000083b00000, 0x0000000083b00000|100%| O|  |TAMS 0x0000000083b00000, 0x0000000083a00000| Untracked 
|  59|0x0000000083b00000, 0x0000000083c00000, 0x0000000083c00000|100%| O|  |TAMS 0x0000000083c00000, 0x0000000083b00000| Untracked 
|  60|0x0000000083c00000, 0x0000000083d00000, 0x0000000083d00000|100%| O|  |TAMS 0x0000000083c00000, 0x0000000083c00000| Untracked 
|  61|0x0000000083d00000, 0x0000000083e00000, 0x0000000083e00000|100%| O|  |TAMS 0x0000000083e00000, 0x0000000083d00000| Untracked 
|  62|0x0000000083e00000, 0x0000000083f00000, 0x0000000083f00000|100%| O|  |TAMS 0x0000000083f00000, 0x0000000083e00000| Untracked 
|  63|0x0000000083f00000, 0x0000000084000000, 0x0000000084000000|100%| O|  |TAMS 0x0000000084000000, 0x0000000083f00000| Untracked 
|  64|0x0000000084000000, 0x0000000084100000, 0x0000000084100000|100%| O|  |TAMS 0x0000000084100000, 0x0000000084000000| Untracked 
|  65|0x0000000084100000, 0x0000000084200000, 0x0000000084200000|100%| O|  |TAMS 0x0000000084200000, 0x0000000084100000| Untracked 
|  66|0x0000000084200000, 0x0000000084300000, 0x0000000084300000|100%|HS|  |TAMS 0x0000000084300000, 0x0000000084200000| Complete 
|  67|0x0000000084300000, 0x0000000084400000, 0x0000000084400000|100%|HC|  |TAMS 0x0000000084400000, 0x0000000084300000| Complete 
|  68|0x0000000084400000, 0x0000000084500000, 0x0000000084500000|100%|HC|  |TAMS 0x0000000084500000, 0x0000000084400000| Complete 
|  69|0x0000000084500000, 0x0000000084600000, 0x0000000084600000|100%|HC|  |TAMS 0x0000000084600000, 0x0000000084500000| Complete 
|  70|0x0000000084600000, 0x0000000084700000, 0x0000000084700000|100%|HC|  |TAMS 0x0000000084700000, 0x0000000084600000| Complete 
|  71|0x0000000084700000, 0x0000000084800000, 0x0000000084800000|100%|HS|  |TAMS 0x0000000084800000, 0x0000000084700000| Complete 
|  72|0x0000000084800000, 0x0000000084900000, 0x0000000084900000|100%|HS|  |TAMS 0x0000000084900000, 0x0000000084800000| Complete 
|  73|0x0000000084900000, 0x0000000084a00000, 0x0000000084a00000|100%| O|  |TAMS 0x0000000084900000, 0x0000000084900000| Untracked 
|  74|0x0000000084a00000, 0x0000000084b00000, 0x0000000084b00000|100%|HS|  |TAMS 0x0000000084b00000, 0x0000000084a00000| Complete 
|  75|0x0000000084b00000, 0x0000000084c00000, 0x0000000084c00000|100%|HC|  |TAMS 0x0000000084c00000, 0x0000000084b00000| Complete 
|  76|0x0000000084c00000, 0x0000000084d00000, 0x0000000084d00000|100%| O|  |TAMS 0x0000000084d00000, 0x0000000084c00000| Untracked 
|  77|0x0000000084d00000, 0x0000000084e00000, 0x0000000084e00000|100%| O|  |TAMS 0x0000000084e00000, 0x0000000084d00000| Untracked 
|  78|0x0000000084e00000, 0x0000000084f00000, 0x0000000084f00000|100%| O|  |TAMS 0x0000000084f00000, 0x0000000084e00000| Untracked 
|  79|0x0000000084f00000, 0x0000000084f00000, 0x0000000085000000|  0%| F|  |TAMS 0x0000000084f00000, 0x0000000084f00000| Untracked 
|  80|0x0000000085000000, 0x0000000085100000, 0x0000000085100000|100%| O|  |TAMS 0x0000000085100000, 0x0000000085000000| Untracked 
|  81|0x0000000085100000, 0x0000000085200000, 0x0000000085200000|100%| O|  |TAMS 0x0000000085200000, 0x0000000085100000| Untracked 
|  82|0x0000000085200000, 0x0000000085300000, 0x0000000085300000|100%| O|  |TAMS 0x0000000085300000, 0x0000000085200000| Untracked 
|  83|0x0000000085300000, 0x0000000085400000, 0x0000000085400000|100%| O|  |TAMS 0x0000000085400000, 0x0000000085300000| Untracked 
|  84|0x0000000085400000, 0x0000000085500000, 0x0000000085500000|100%| O|  |TAMS 0x0000000085500000, 0x0000000085400000| Untracked 
|  85|0x0000000085500000, 0x0000000085600000, 0x0000000085600000|100%| O|  |TAMS 0x0000000085600000, 0x0000000085500000| Untracked 
|  86|0x0000000085600000, 0x0000000085700000, 0x0000000085700000|100%| O|  |TAMS 0x0000000085700000, 0x0000000085600000| Untracked 
|  87|0x0000000085700000, 0x0000000085800000, 0x0000000085800000|100%| O|  |TAMS 0x0000000085800000, 0x0000000085700000| Untracked 
|  88|0x0000000085800000, 0x0000000085900000, 0x0000000085900000|100%| O|  |TAMS 0x0000000085900000, 0x0000000085800000| Untracked 
|  89|0x0000000085900000, 0x0000000085a00000, 0x0000000085a00000|100%| O|  |TAMS 0x0000000085a00000, 0x0000000085900000| Untracked 
|  90|0x0000000085a00000, 0x0000000085b00000, 0x0000000085b00000|100%| O|  |TAMS 0x0000000085b00000, 0x0000000085a00000| Untracked 
|  91|0x0000000085b00000, 0x0000000085c00000, 0x0000000085c00000|100%| O|  |TAMS 0x0000000085c00000, 0x0000000085b00000| Untracked 
|  92|0x0000000085c00000, 0x0000000085d00000, 0x0000000085d00000|100%|HS|  |TAMS 0x0000000085d00000, 0x0000000085c00000| Complete 
|  93|0x0000000085d00000, 0x0000000085e00000, 0x0000000085e00000|100%|HS|  |TAMS 0x0000000085e00000, 0x0000000085d00000| Complete 
|  94|0x0000000085e00000, 0x0000000085f00000, 0x0000000085f00000|100%|HC|  |TAMS 0x0000000085f00000, 0x0000000085e00000| Complete 
|  95|0x0000000085f00000, 0x0000000086000000, 0x0000000086000000|100%| O|  |TAMS 0x0000000086000000, 0x0000000085f00000| Untracked 
|  96|0x0000000086000000, 0x0000000086100000, 0x0000000086100000|100%| O|  |TAMS 0x0000000086100000, 0x0000000086000000| Untracked 
|  97|0x0000000086100000, 0x0000000086200000, 0x0000000086200000|100%| O|  |TAMS 0x0000000086200000, 0x0000000086100000| Untracked 
|  98|0x0000000086200000, 0x0000000086300000, 0x0000000086300000|100%| O|  |TAMS 0x0000000086200000, 0x0000000086200000| Untracked 
|  99|0x0000000086300000, 0x0000000086400000, 0x0000000086400000|100%| O|  |TAMS 0x0000000086400000, 0x0000000086300000| Untracked 
| 100|0x0000000086400000, 0x0000000086500000, 0x0000000086500000|100%|HS|  |TAMS 0x0000000086500000, 0x0000000086400000| Complete 
| 101|0x0000000086500000, 0x0000000086600000, 0x0000000086600000|100%|HC|  |TAMS 0x0000000086600000, 0x0000000086500000| Complete 
| 102|0x0000000086600000, 0x0000000086700000, 0x0000000086700000|100%|HC|  |TAMS 0x0000000086700000, 0x0000000086600000| Complete 
| 103|0x0000000086700000, 0x0000000086800000, 0x0000000086800000|100%|HS|  |TAMS 0x0000000086800000, 0x0000000086700000| Complete 
| 104|0x0000000086800000, 0x0000000086900000, 0x0000000086900000|100%|HC|  |TAMS 0x0000000086900000, 0x0000000086800000| Complete 
| 105|0x0000000086900000, 0x0000000086a00000, 0x0000000086a00000|100%|HC|  |TAMS 0x0000000086a00000, 0x0000000086900000| Complete 
| 106|0x0000000086a00000, 0x0000000086b00000, 0x0000000086b00000|100%| O|  |TAMS 0x0000000086b00000, 0x0000000086a00000| Untracked 
| 107|0x0000000086b00000, 0x0000000086c00000, 0x0000000086c00000|100%| O|  |TAMS 0x0000000086b00000, 0x0000000086b00000| Untracked 
| 108|0x0000000086c00000, 0x0000000086d00000, 0x0000000086d00000|100%| O|  |TAMS 0x0000000086d00000, 0x0000000086c00000| Untracked 
| 109|0x0000000086d00000, 0x0000000086e00000, 0x0000000086e00000|100%|HS|  |TAMS 0x0000000086e00000, 0x0000000086d00000| Complete 
| 110|0x0000000086e00000, 0x0000000086f00000, 0x0000000086f00000|100%|HC|  |TAMS 0x0000000086f00000, 0x0000000086e00000| Complete 
| 111|0x0000000086f00000, 0x0000000087000000, 0x0000000087000000|100%|HC|  |TAMS 0x0000000087000000, 0x0000000086f00000| Complete 
| 112|0x0000000087000000, 0x0000000087100000, 0x0000000087100000|100%|HC|  |TAMS 0x0000000087100000, 0x0000000087000000| Complete 
| 113|0x0000000087100000, 0x0000000087200000, 0x0000000087200000|100%|HS|  |TAMS 0x0000000087200000, 0x0000000087100000| Complete 
| 114|0x0000000087200000, 0x0000000087300000, 0x0000000087300000|100%|HC|  |TAMS 0x0000000087300000, 0x0000000087200000| Complete 
| 115|0x0000000087300000, 0x0000000087400000, 0x0000000087400000|100%|HC|  |TAMS 0x0000000087400000, 0x0000000087300000| Complete 
| 116|0x0000000087400000, 0x0000000087500000, 0x0000000087500000|100%|HC|  |TAMS 0x0000000087500000, 0x0000000087400000| Complete 
| 117|0x0000000087500000, 0x0000000087600000, 0x0000000087600000|100%|HC|  |TAMS 0x0000000087600000, 0x0000000087500000| Complete 
| 118|0x0000000087600000, 0x0000000087700000, 0x0000000087700000|100%|HS|  |TAMS 0x0000000087700000, 0x0000000087600000| Complete 
| 119|0x0000000087700000, 0x0000000087800000, 0x0000000087800000|100%| O|  |TAMS 0x0000000087800000, 0x0000000087700000| Untracked 
| 120|0x0000000087800000, 0x0000000087900000, 0x0000000087900000|100%| O|  |TAMS 0x0000000087900000, 0x0000000087800000| Untracked 
| 121|0x0000000087900000, 0x0000000087a00000, 0x0000000087a00000|100%| O|  |TAMS 0x0000000087a00000, 0x0000000087900000| Untracked 
| 122|0x0000000087a00000, 0x0000000087b00000, 0x0000000087b00000|100%| O|  |TAMS 0x0000000087b00000, 0x0000000087a00000| Untracked 
| 123|0x0000000087b00000, 0x0000000087c00000, 0x0000000087c00000|100%| O|  |TAMS 0x0000000087c00000, 0x0000000087b00000| Untracked 
| 124|0x0000000087c00000, 0x0000000087d00000, 0x0000000087d00000|100%| O|  |TAMS 0x0000000087d00000, 0x0000000087c00000| Untracked 
| 125|0x0000000087d00000, 0x0000000087e00000, 0x0000000087e00000|100%| O|  |TAMS 0x0000000087e00000, 0x0000000087d00000| Untracked 
| 126|0x0000000087e00000, 0x0000000087f00000, 0x0000000087f00000|100%| O|  |TAMS 0x0000000087f00000, 0x0000000087e00000| Untracked 
| 127|0x0000000087f00000, 0x0000000088000000, 0x0000000088000000|100%| O|  |TAMS 0x0000000088000000, 0x0000000087f00000| Untracked 
| 128|0x0000000088000000, 0x0000000088100000, 0x0000000088100000|100%| O|  |TAMS 0x0000000088100000, 0x0000000088000000| Untracked 
| 129|0x0000000088100000, 0x0000000088200000, 0x0000000088200000|100%| O|  |TAMS 0x0000000088200000, 0x0000000088100000| Untracked 
| 130|0x0000000088200000, 0x0000000088300000, 0x0000000088300000|100%| O|  |TAMS 0x0000000088300000, 0x0000000088200000| Untracked 
| 131|0x0000000088300000, 0x0000000088400000, 0x0000000088400000|100%| O|  |TAMS 0x0000000088400000, 0x0000000088300000| Untracked 
| 132|0x0000000088400000, 0x0000000088500000, 0x0000000088500000|100%| O|  |TAMS 0x0000000088500000, 0x0000000088400000| Untracked 
| 133|0x0000000088500000, 0x0000000088600000, 0x0000000088600000|100%| O|  |TAMS 0x0000000088600000, 0x0000000088500000| Untracked 
| 134|0x0000000088600000, 0x0000000088700000, 0x0000000088700000|100%| O|  |TAMS 0x0000000088607600, 0x0000000088600000| Untracked 
| 135|0x0000000088700000, 0x0000000088800000, 0x0000000088800000|100%| O|  |TAMS 0x0000000088800000, 0x0000000088700000| Untracked 
| 136|0x0000000088800000, 0x0000000088900000, 0x0000000088900000|100%| O|  |TAMS 0x0000000088900000, 0x0000000088800000| Untracked 
| 137|0x0000000088900000, 0x0000000088a00000, 0x0000000088a00000|100%| O|  |TAMS 0x0000000088a00000, 0x0000000088900000| Untracked 
| 138|0x0000000088a00000, 0x0000000088b00000, 0x0000000088b00000|100%| O|  |TAMS 0x0000000088b00000, 0x0000000088a00000| Untracked 
| 139|0x0000000088b00000, 0x0000000088c00000, 0x0000000088c00000|100%| O|  |TAMS 0x0000000088c00000, 0x0000000088b00000| Untracked 
| 140|0x0000000088c00000, 0x0000000088d00000, 0x0000000088d00000|100%| O|  |TAMS 0x0000000088d00000, 0x0000000088c00000| Untracked 
| 141|0x0000000088d00000, 0x0000000088e00000, 0x0000000088e00000|100%| O|  |TAMS 0x0000000088e00000, 0x0000000088d00000| Untracked 
| 142|0x0000000088e00000, 0x0000000088f00000, 0x0000000088f00000|100%| O|  |TAMS 0x0000000088f00000, 0x0000000088e00000| Untracked 
| 143|0x0000000088f00000, 0x0000000089000000, 0x0000000089000000|100%| O|  |TAMS 0x0000000089000000, 0x0000000088f00000| Untracked 
| 144|0x0000000089000000, 0x0000000089100000, 0x0000000089100000|100%| O|  |TAMS 0x0000000089100000, 0x0000000089000000| Untracked 
| 145|0x0000000089100000, 0x0000000089200000, 0x0000000089200000|100%| O|  |TAMS 0x0000000089200000, 0x0000000089100000| Untracked 
| 146|0x0000000089200000, 0x0000000089300000, 0x0000000089300000|100%| O|  |TAMS 0x0000000089300000, 0x0000000089200000| Untracked 
| 147|0x0000000089300000, 0x0000000089400000, 0x0000000089400000|100%| O|  |TAMS 0x0000000089400000, 0x0000000089300000| Untracked 
| 148|0x0000000089400000, 0x000000008942be00, 0x0000000089500000| 17%| O|  |TAMS 0x0000000089400000, 0x0000000089400000| Untracked 
| 149|0x0000000089500000, 0x0000000089600000, 0x0000000089600000|100%| O|  |TAMS 0x0000000089600000, 0x0000000089500000| Untracked 
| 150|0x0000000089600000, 0x0000000089600000, 0x0000000089700000|  0%| F|  |TAMS 0x0000000089600000, 0x0000000089600000| Untracked 
| 151|0x0000000089700000, 0x0000000089700000, 0x0000000089800000|  0%| F|  |TAMS 0x0000000089700000, 0x0000000089700000| Untracked 
| 152|0x0000000089800000, 0x0000000089900000, 0x0000000089900000|100%| O|  |TAMS 0x0000000089900000, 0x0000000089800000| Untracked 
| 153|0x0000000089900000, 0x0000000089a00000, 0x0000000089a00000|100%| O|  |TAMS 0x0000000089a00000, 0x0000000089900000| Untracked 
| 154|0x0000000089a00000, 0x0000000089b00000, 0x0000000089b00000|100%| O|  |TAMS 0x0000000089b00000, 0x0000000089a00000| Untracked 
| 155|0x0000000089b00000, 0x0000000089c00000, 0x0000000089c00000|100%| O|  |TAMS 0x0000000089c00000, 0x0000000089b00000| Untracked 
| 156|0x0000000089c00000, 0x0000000089c00000, 0x0000000089d00000|  0%| F|  |TAMS 0x0000000089c00000, 0x0000000089c00000| Untracked 
| 157|0x0000000089d00000, 0x0000000089e00000, 0x0000000089e00000|100%| O|  |TAMS 0x0000000089e00000, 0x0000000089d00000| Untracked 
| 158|0x0000000089e00000, 0x0000000089f00000, 0x0000000089f00000|100%| O|  |TAMS 0x0000000089f00000, 0x0000000089e00000| Untracked 
| 159|0x0000000089f00000, 0x0000000089f00000, 0x000000008a000000|  0%| F|  |TAMS 0x0000000089f00000, 0x0000000089f00000| Untracked 
| 160|0x000000008a000000, 0x000000008a100000, 0x000000008a100000|100%| O|  |TAMS 0x000000008a100000, 0x000000008a000000| Untracked 
| 161|0x000000008a100000, 0x000000008a200000, 0x000000008a200000|100%| O|  |TAMS 0x000000008a200000, 0x000000008a100000| Untracked 
| 162|0x000000008a200000, 0x000000008a200000, 0x000000008a300000|  0%| F|  |TAMS 0x000000008a200000, 0x000000008a200000| Untracked 
| 163|0x000000008a300000, 0x000000008a300000, 0x000000008a400000|  0%| F|  |TAMS 0x000000008a300000, 0x000000008a300000| Untracked 
| 164|0x000000008a400000, 0x000000008a400000, 0x000000008a500000|  0%| F|  |TAMS 0x000000008a400000, 0x000000008a400000| Untracked 
| 165|0x000000008a500000, 0x000000008a500000, 0x000000008a600000|  0%| F|  |TAMS 0x000000008a500000, 0x000000008a500000| Untracked 
| 166|0x000000008a600000, 0x000000008a600000, 0x000000008a700000|  0%| F|  |TAMS 0x000000008a600000, 0x000000008a600000| Untracked 
| 167|0x000000008a700000, 0x000000008a700000, 0x000000008a800000|  0%| F|  |TAMS 0x000000008a700000, 0x000000008a700000| Untracked 
| 168|0x000000008a800000, 0x000000008a800000, 0x000000008a900000|  0%| F|  |TAMS 0x000000008a800000, 0x000000008a800000| Untracked 
| 169|0x000000008a900000, 0x000000008a900000, 0x000000008aa00000|  0%| F|  |TAMS 0x000000008a900000, 0x000000008a900000| Untracked 
| 170|0x000000008aa00000, 0x000000008aa00000, 0x000000008ab00000|  0%| F|  |TAMS 0x000000008aa00000, 0x000000008aa00000| Untracked 
| 171|0x000000008ab00000, 0x000000008ab00000, 0x000000008ac00000|  0%| F|  |TAMS 0x000000008ab00000, 0x000000008ab00000| Untracked 
| 172|0x000000008ac00000, 0x000000008ad00000, 0x000000008ad00000|100%| O|  |TAMS 0x000000008ad00000, 0x000000008ac00000| Untracked 
| 173|0x000000008ad00000, 0x000000008ae00000, 0x000000008ae00000|100%| O|  |TAMS 0x000000008ae00000, 0x000000008ad00000| Untracked 
| 174|0x000000008ae00000, 0x000000008ae00000, 0x000000008af00000|  0%| F|  |TAMS 0x000000008ae00000, 0x000000008ae00000| Untracked 
| 175|0x000000008af00000, 0x000000008af00000, 0x000000008b000000|  0%| F|  |TAMS 0x000000008af00000, 0x000000008af00000| Untracked 
| 176|0x000000008b000000, 0x000000008b000000, 0x000000008b100000|  0%| F|  |TAMS 0x000000008b000000, 0x000000008b000000| Untracked 
| 177|0x000000008b100000, 0x000000008b100000, 0x000000008b200000|  0%| F|  |TAMS 0x000000008b100000, 0x000000008b100000| Untracked 
| 178|0x000000008b200000, 0x000000008b200000, 0x000000008b300000|  0%| F|  |TAMS 0x000000008b200000, 0x000000008b200000| Untracked 
| 179|0x000000008b300000, 0x000000008b300000, 0x000000008b400000|  0%| F|  |TAMS 0x000000008b300000, 0x000000008b300000| Untracked 
| 180|0x000000008b400000, 0x000000008b400000, 0x000000008b500000|  0%| F|  |TAMS 0x000000008b400000, 0x000000008b400000| Untracked 
| 181|0x000000008b500000, 0x000000008b500000, 0x000000008b600000|  0%| F|  |TAMS 0x000000008b500000, 0x000000008b500000| Untracked 
| 182|0x000000008b600000, 0x000000008b600000, 0x000000008b700000|  0%| F|  |TAMS 0x000000008b600000, 0x000000008b600000| Untracked 
| 183|0x000000008b700000, 0x000000008b700000, 0x000000008b800000|  0%| F|  |TAMS 0x000000008b700000, 0x000000008b700000| Untracked 
| 184|0x000000008b800000, 0x000000008b800000, 0x000000008b900000|  0%| F|  |TAMS 0x000000008b800000, 0x000000008b800000| Untracked 
| 185|0x000000008b900000, 0x000000008b900000, 0x000000008ba00000|  0%| F|  |TAMS 0x000000008b900000, 0x000000008b900000| Untracked 
| 186|0x000000008ba00000, 0x000000008ba00000, 0x000000008bb00000|  0%| F|  |TAMS 0x000000008ba00000, 0x000000008ba00000| Untracked 
| 187|0x000000008bb00000, 0x000000008bb00000, 0x000000008bc00000|  0%| F|  |TAMS 0x000000008bb00000, 0x000000008bb00000| Untracked 
| 188|0x000000008bc00000, 0x000000008bc00000, 0x000000008bd00000|  0%| F|  |TAMS 0x000000008bc00000, 0x000000008bc00000| Untracked 
| 189|0x000000008bd00000, 0x000000008bd00000, 0x000000008be00000|  0%| F|  |TAMS 0x000000008bd00000, 0x000000008bd00000| Untracked 
| 190|0x000000008be00000, 0x000000008be00000, 0x000000008bf00000|  0%| F|  |TAMS 0x000000008be00000, 0x000000008be00000| Untracked 
| 191|0x000000008bf00000, 0x000000008bf00000, 0x000000008c000000|  0%| F|  |TAMS 0x000000008bf00000, 0x000000008bf00000| Untracked 
| 192|0x000000008c000000, 0x000000008c000000, 0x000000008c100000|  0%| F|  |TAMS 0x000000008c000000, 0x000000008c000000| Untracked 
| 193|0x000000008c100000, 0x000000008c100000, 0x000000008c200000|  0%| F|  |TAMS 0x000000008c100000, 0x000000008c100000| Untracked 
| 194|0x000000008c200000, 0x000000008c200000, 0x000000008c300000|  0%| F|  |TAMS 0x000000008c200000, 0x000000008c200000| Untracked 
| 195|0x000000008c300000, 0x000000008c300000, 0x000000008c400000|  0%| F|  |TAMS 0x000000008c300000, 0x000000008c300000| Untracked 
| 196|0x000000008c400000, 0x000000008c400000, 0x000000008c500000|  0%| F|  |TAMS 0x000000008c400000, 0x000000008c400000| Untracked 
| 197|0x000000008c500000, 0x000000008c500000, 0x000000008c600000|  0%| F|  |TAMS 0x000000008c500000, 0x000000008c500000| Untracked 
| 198|0x000000008c600000, 0x000000008c600000, 0x000000008c700000|  0%| F|  |TAMS 0x000000008c600000, 0x000000008c600000| Untracked 
| 199|0x000000008c700000, 0x000000008c700000, 0x000000008c800000|  0%| F|  |TAMS 0x000000008c700000, 0x000000008c700000| Untracked 
| 200|0x000000008c800000, 0x000000008c800000, 0x000000008c900000|  0%| F|  |TAMS 0x000000008c800000, 0x000000008c800000| Untracked 
| 201|0x000000008c900000, 0x000000008c900000, 0x000000008ca00000|  0%| F|  |TAMS 0x000000008c900000, 0x000000008c900000| Untracked 
| 202|0x000000008ca00000, 0x000000008ca00000, 0x000000008cb00000|  0%| F|  |TAMS 0x000000008ca00000, 0x000000008ca00000| Untracked 
| 203|0x000000008cb00000, 0x000000008cb00000, 0x000000008cc00000|  0%| F|  |TAMS 0x000000008cb00000, 0x000000008cb00000| Untracked 
| 204|0x000000008cc00000, 0x000000008cc00000, 0x000000008cd00000|  0%| F|  |TAMS 0x000000008cc00000, 0x000000008cc00000| Untracked 
| 205|0x000000008cd00000, 0x000000008cd00000, 0x000000008ce00000|  0%| F|  |TAMS 0x000000008cd00000, 0x000000008cd00000| Untracked 
| 206|0x000000008ce00000, 0x000000008ce00000, 0x000000008cf00000|  0%| F|  |TAMS 0x000000008ce00000, 0x000000008ce00000| Untracked 
| 207|0x000000008cf00000, 0x000000008cf00000, 0x000000008d000000|  0%| F|  |TAMS 0x000000008cf00000, 0x000000008cf00000| Untracked 
| 208|0x000000008d000000, 0x000000008d000000, 0x000000008d100000|  0%| F|  |TAMS 0x000000008d000000, 0x000000008d000000| Untracked 
| 209|0x000000008d100000, 0x000000008d100000, 0x000000008d200000|  0%| F|  |TAMS 0x000000008d100000, 0x000000008d100000| Untracked 
| 210|0x000000008d200000, 0x000000008d200000, 0x000000008d300000|  0%| F|  |TAMS 0x000000008d200000, 0x000000008d200000| Untracked 
| 211|0x000000008d300000, 0x000000008d300000, 0x000000008d400000|  0%| F|  |TAMS 0x000000008d300000, 0x000000008d300000| Untracked 
| 212|0x000000008d400000, 0x000000008d400000, 0x000000008d500000|  0%| F|  |TAMS 0x000000008d400000, 0x000000008d400000| Untracked 
| 213|0x000000008d500000, 0x000000008d500000, 0x000000008d600000|  0%| F|  |TAMS 0x000000008d500000, 0x000000008d500000| Untracked 
| 214|0x000000008d600000, 0x000000008d600000, 0x000000008d700000|  0%| F|  |TAMS 0x000000008d600000, 0x000000008d600000| Untracked 
| 215|0x000000008d700000, 0x000000008d700000, 0x000000008d800000|  0%| F|  |TAMS 0x000000008d700000, 0x000000008d700000| Untracked 
| 216|0x000000008d800000, 0x000000008d800000, 0x000000008d900000|  0%| F|  |TAMS 0x000000008d800000, 0x000000008d800000| Untracked 
| 217|0x000000008d900000, 0x000000008d900000, 0x000000008da00000|  0%| F|  |TAMS 0x000000008d900000, 0x000000008d900000| Untracked 
| 218|0x000000008da00000, 0x000000008da00000, 0x000000008db00000|  0%| F|  |TAMS 0x000000008da00000, 0x000000008da00000| Untracked 
| 219|0x000000008db00000, 0x000000008db00000, 0x000000008dc00000|  0%| F|  |TAMS 0x000000008db00000, 0x000000008db00000| Untracked 
| 220|0x000000008dc00000, 0x000000008dc00000, 0x000000008dd00000|  0%| F|  |TAMS 0x000000008dc00000, 0x000000008dc00000| Untracked 
| 221|0x000000008dd00000, 0x000000008dd00000, 0x000000008de00000|  0%| F|  |TAMS 0x000000008dd00000, 0x000000008dd00000| Untracked 
| 222|0x000000008de00000, 0x000000008de00000, 0x000000008df00000|  0%| F|  |TAMS 0x000000008de00000, 0x000000008de00000| Untracked 
| 223|0x000000008df00000, 0x000000008df00000, 0x000000008e000000|  0%| F|  |TAMS 0x000000008df00000, 0x000000008df00000| Untracked 
| 224|0x000000008e000000, 0x000000008e000000, 0x000000008e100000|  0%| F|  |TAMS 0x000000008e000000, 0x000000008e000000| Untracked 
| 225|0x000000008e100000, 0x000000008e100000, 0x000000008e200000|  0%| F|  |TAMS 0x000000008e100000, 0x000000008e100000| Untracked 
| 226|0x000000008e200000, 0x000000008e200000, 0x000000008e300000|  0%| F|  |TAMS 0x000000008e200000, 0x000000008e200000| Untracked 
| 227|0x000000008e300000, 0x000000008e300000, 0x000000008e400000|  0%| F|  |TAMS 0x000000008e300000, 0x000000008e300000| Untracked 
| 228|0x000000008e400000, 0x000000008e400000, 0x000000008e500000|  0%| F|  |TAMS 0x000000008e400000, 0x000000008e400000| Untracked 
| 229|0x000000008e500000, 0x000000008e500000, 0x000000008e600000|  0%| F|  |TAMS 0x000000008e500000, 0x000000008e500000| Untracked 
| 230|0x000000008e600000, 0x000000008e600000, 0x000000008e700000|  0%| F|  |TAMS 0x000000008e600000, 0x000000008e600000| Untracked 
| 231|0x000000008e700000, 0x000000008e700000, 0x000000008e800000|  0%| F|  |TAMS 0x000000008e700000, 0x000000008e700000| Untracked 
| 232|0x000000008e800000, 0x000000008e800000, 0x000000008e900000|  0%| F|  |TAMS 0x000000008e800000, 0x000000008e800000| Untracked 
| 233|0x000000008e900000, 0x000000008e900000, 0x000000008ea00000|  0%| F|  |TAMS 0x000000008e900000, 0x000000008e900000| Untracked 
| 234|0x000000008ea00000, 0x000000008ea00000, 0x000000008eb00000|  0%| F|  |TAMS 0x000000008ea00000, 0x000000008ea00000| Untracked 
| 235|0x000000008eb00000, 0x000000008eb00000, 0x000000008ec00000|  0%| F|  |TAMS 0x000000008eb00000, 0x000000008eb00000| Untracked 
| 236|0x000000008ec00000, 0x000000008ec00000, 0x000000008ed00000|  0%| F|  |TAMS 0x000000008ec00000, 0x000000008ec00000| Untracked 
| 237|0x000000008ed00000, 0x000000008ed00000, 0x000000008ee00000|  0%| F|  |TAMS 0x000000008ed00000, 0x000000008ed00000| Untracked 
| 238|0x000000008ee00000, 0x000000008ee00000, 0x000000008ef00000|  0%| F|  |TAMS 0x000000008ee00000, 0x000000008ee00000| Untracked 
| 239|0x000000008ef00000, 0x000000008ef00000, 0x000000008f000000|  0%| F|  |TAMS 0x000000008ef00000, 0x000000008ef00000| Untracked 
| 240|0x000000008f000000, 0x000000008f000000, 0x000000008f100000|  0%| F|  |TAMS 0x000000008f000000, 0x000000008f000000| Untracked 
| 241|0x000000008f100000, 0x000000008f100000, 0x000000008f200000|  0%| F|  |TAMS 0x000000008f100000, 0x000000008f100000| Untracked 
| 242|0x000000008f200000, 0x000000008f200000, 0x000000008f300000|  0%| F|  |TAMS 0x000000008f200000, 0x000000008f200000| Untracked 
| 243|0x000000008f300000, 0x000000008f300000, 0x000000008f400000|  0%| F|  |TAMS 0x000000008f300000, 0x000000008f300000| Untracked 
| 244|0x000000008f400000, 0x000000008f400000, 0x000000008f500000|  0%| F|  |TAMS 0x000000008f400000, 0x000000008f400000| Untracked 
| 245|0x000000008f500000, 0x000000008f500000, 0x000000008f600000|  0%| F|  |TAMS 0x000000008f500000, 0x000000008f500000| Untracked 
| 246|0x000000008f600000, 0x000000008f600000, 0x000000008f700000|  0%| F|  |TAMS 0x000000008f600000, 0x000000008f600000| Untracked 
| 247|0x000000008f700000, 0x000000008f700000, 0x000000008f800000|  0%| F|  |TAMS 0x000000008f700000, 0x000000008f700000| Untracked 
| 248|0x000000008f800000, 0x000000008f800000, 0x000000008f900000|  0%| F|  |TAMS 0x000000008f800000, 0x000000008f800000| Untracked 
| 249|0x000000008f900000, 0x000000008f900000, 0x000000008fa00000|  0%| F|  |TAMS 0x000000008f900000, 0x000000008f900000| Untracked 
| 250|0x000000008fa00000, 0x000000008fa00000, 0x000000008fb00000|  0%| F|  |TAMS 0x000000008fa00000, 0x000000008fa00000| Untracked 
| 251|0x000000008fb00000, 0x000000008fb00000, 0x000000008fc00000|  0%| F|  |TAMS 0x000000008fb00000, 0x000000008fb00000| Untracked 
| 252|0x000000008fc00000, 0x000000008fc00000, 0x000000008fd00000|  0%| F|  |TAMS 0x000000008fc00000, 0x000000008fc00000| Untracked 
| 253|0x000000008fd00000, 0x000000008fd30ab0, 0x000000008fe00000| 19%| E|  |TAMS 0x000000008fd00000, 0x000000008fd00000| Complete 
| 254|0x000000008fe00000, 0x000000008ff00000, 0x000000008ff00000|100%| E|CS|TAMS 0x000000008fe00000, 0x000000008fe00000| Complete 
| 255|0x000000008ff00000, 0x0000000090000000, 0x0000000090000000|100%| E|  |TAMS 0x000000008ff00000, 0x000000008ff00000| Complete 
| 256|0x0000000090000000, 0x0000000090100000, 0x0000000090100000|100%| E|CS|TAMS 0x0000000090000000, 0x0000000090000000| Complete 
| 257|0x0000000090100000, 0x0000000090200000, 0x0000000090200000|100%| E|CS|TAMS 0x0000000090100000, 0x0000000090100000| Complete 
| 258|0x0000000090200000, 0x0000000090300000, 0x0000000090300000|100%| E|CS|TAMS 0x0000000090200000, 0x0000000090200000| Complete 
| 259|0x0000000090300000, 0x0000000090400000, 0x0000000090400000|100%| E|CS|TAMS 0x0000000090300000, 0x0000000090300000| Complete 
| 260|0x0000000090400000, 0x0000000090500000, 0x0000000090500000|100%| E|CS|TAMS 0x0000000090400000, 0x0000000090400000| Complete 
| 261|0x0000000090500000, 0x0000000090596240, 0x0000000090600000| 58%| S|CS|TAMS 0x0000000090500000, 0x0000000090500000| Complete 
| 262|0x0000000090600000, 0x0000000090700000, 0x0000000090700000|100%| E|CS|TAMS 0x0000000090600000, 0x0000000090600000| Complete 
| 263|0x0000000090700000, 0x0000000090800000, 0x0000000090800000|100%| E|CS|TAMS 0x0000000090700000, 0x0000000090700000| Complete 
| 264|0x0000000090800000, 0x0000000090900000, 0x0000000090900000|100%| E|CS|TAMS 0x0000000090800000, 0x0000000090800000| Complete 
| 265|0x0000000090900000, 0x0000000090a00000, 0x0000000090a00000|100%| E|CS|TAMS 0x0000000090900000, 0x0000000090900000| Complete 
| 266|0x0000000090a00000, 0x0000000090b00000, 0x0000000090b00000|100%| E|CS|TAMS 0x0000000090a00000, 0x0000000090a00000| Complete 

Card table byte_map: [0x0000020b5e0d0000,0x0000020b5e4d0000] _byte_map_base: 0x0000020b5dcd0000

Marking Bits (Prev, Next): (CMBitMap*) 0x0000020b4b1efa20, (CMBitMap*) 0x0000020b4b1ef9e8
 Prev Bits: [0x0000020b608d0000, 0x0000020b628d0000)
 Next Bits: [0x0000020b5e8d0000, 0x0000020b608d0000)

Polling page: 0x0000020b4a990000

Metaspace:

Usage:
  Non-class:    112.90 MB capacity,   111.02 MB ( 98%) used,     1.54 MB (  1%) free+waste,   355.75 KB ( <1%) overhead. 
      Class:     16.49 MB capacity,    15.45 MB ( 94%) used,   920.34 KB (  5%) free+waste,   152.69 KB ( <1%) overhead. 
       Both:    129.40 MB capacity,   126.46 MB ( 98%) used,     2.44 MB (  2%) free+waste,   508.44 KB ( <1%) overhead. 

Virtual space:
  Non-class space:      114.00 MB reserved,     112.90 MB (>99%) committed 
      Class space:        1.00 GB reserved,      16.50 MB (  2%) committed 
             Both:        1.11 GB reserved,     129.40 MB ( 11%) committed 

Chunk freelists:
   Non-Class:  1.00 KB
       Class:  6.00 KB
        Both:  7.00 KB

MaxMetaspaceSize: 17179869184.00 GB
CompressedClassSpaceSize: 1.00 GB
Initial GC threshold: 20.80 MB
Current GC threshold: 213.80 MB
CDS: off

CodeHeap 'non-profiled nmethods': size=120064Kb used=13286Kb max_used=13286Kb free=106777Kb
 bounds [0x0000020b56790000, 0x0000020b57490000, 0x0000020b5dcd0000]
CodeHeap 'profiled nmethods': size=120000Kb used=44485Kb max_used=44485Kb free=75514Kb
 bounds [0x0000020b4f260000, 0x0000020b51de0000, 0x0000020b56790000]
CodeHeap 'non-nmethods': size=5696Kb used=2472Kb max_used=2531Kb free=3224Kb
 bounds [0x0000020b4ecd0000, 0x0000020b4ef60000, 0x0000020b4f260000]
 total_blobs=20222 nmethods=19216 adapters=917
 compilation: enabled
              stopped_count=0, restarted_count=0
 full_count=0

Compilation events (20 events):
Event: 3567.528 Thread 0x0000020b64dd8800 nmethod 20258 0x0000020b51dca790 code [0x0000020b51dca980, 0x0000020b51dcae48]
Event: 3567.528 Thread 0x0000020b64dd8800 20259       3       com.google.common.collect.SingletonImmutableSet::<init> (13 bytes)
Event: 3567.528 Thread 0x0000020b6922d000 20257       4       com.google.common.collect.ImmutableSortedMap$1::compare (13 bytes)
Event: 3567.529 Thread 0x0000020b64dd8800 nmethod 20259 0x0000020b51dcb010 code [0x0000020b51dcb200, 0x0000020b51dcb628]
Event: 3567.532 Thread 0x0000020b64dd7000 nmethod 20246 0x0000020b57485590 code [0x0000020b574857a0, 0x0000020b57486468]
Event: 3567.533 Thread 0x0000020b64dd7000 20253   !   4       jdk.internal.reflect.GeneratedConstructorAccessor66::newInstance (49 bytes)
Event: 3567.534 Thread 0x0000020b64dd8800 20260       3       com.android.tools.build.apkzlib.utils.CachedSupplier::<init> (15 bytes)
Event: 3567.534 Thread 0x0000020b6922d000 nmethod 20257 0x0000020b57486a10 code [0x0000020b57486be0, 0x0000020b57486ff8]
Event: 3567.534 Thread 0x0000020b6922d000 20248       4       org.gradle.internal.instantiation.generator.AbstractClassGenerator$PropertyMetadata::hasAnnotation (40 bytes)
Event: 3567.534 Thread 0x0000020b64dd8800 nmethod 20260 0x0000020b51dcb810 code [0x0000020b51dcb9c0, 0x0000020b51dcbb78]
Event: 3567.535 Thread 0x0000020b64dd7000 nmethod 20253 0x0000020b57487310 code [0x0000020b574874c0, 0x0000020b57487628]
Event: 3567.535 Thread 0x0000020b64dd7000 20251       4       jdk.internal.reflect.NativeMethodAccessorImpl::invoke (104 bytes)
Event: 3567.559 Thread 0x0000020b64dd7000 nmethod 20251 0x0000020b57487790 code [0x0000020b57487980, 0x0000020b574881c8]
Event: 3567.559 Thread 0x0000020b64dd7000 20261       4       java.lang.ClassLoader::getSystemClassLoader (95 bytes)
Event: 3567.561 Thread 0x0000020b64dd7000 nmethod 20261 0x0000020b57488710 code [0x0000020b574888a0, 0x0000020b57488938]
Event: 3567.561 Thread 0x0000020b64dd7000 20262       4       org.gradle.internal.classloader.ClassLoaderVisitor::visitClassPath (1 bytes)
Event: 3567.561 Thread 0x0000020b64dd7000 nmethod 20262 0x0000020b57488a10 code [0x0000020b57488ba0, 0x0000020b57488bf8]
Event: 3567.564 Thread 0x0000020b64dd8800 20263       1       org.gradle.api.internal.artifacts.transform.TransformationResult$Builder$ProducedOutput::getOutputLocation (5 bytes)
Event: 3567.564 Thread 0x0000020b64dd7000 20264       4       java.util.concurrent.ConcurrentHashMap::addCount (289 bytes)
Event: 3567.564 Thread 0x0000020b64dd8800 nmethod 20263 0x0000020b57488d10 code [0x0000020b57488ec0, 0x0000020b57488f78]

GC Heap History (20 events):
Event: 3552.853 GC heap before
{Heap before GC invocations=71 (full 0):
 garbage-first heap   total 227328K, used 182522K [0x0000000080000000, 0x0000000100000000)
  region size 1024K, 11 young (11264K), 2 survivors (2048K)
 Metaspace       used 121239K, capacity 124248K, committed 124444K, reserved 1157120K
  class space    used 14912K, capacity 15933K, committed 16000K, reserved 1048576K
}
Event: 3552.863 GC heap after
{Heap after GC invocations=72 (full 0):
 garbage-first heap   total 227328K, used 158625K [0x0000000080000000, 0x0000000100000000)
  region size 1024K, 1 young (1024K), 1 survivors (1024K)
 Metaspace       used 121239K, capacity 124248K, committed 124444K, reserved 1157120K
  class space    used 14912K, capacity 15933K, committed 16000K, reserved 1048576K
}
Event: 3553.262 GC heap before
{Heap before GC invocations=72 (full 0):
 garbage-first heap   total 227328K, used 182177K [0x0000000080000000, 0x0000000100000000)
  region size 1024K, 25 young (25600K), 1 survivors (1024K)
 Metaspace       used 121509K, capacity 124538K, committed 124700K, reserved 1159168K
  class space    used 14921K, capacity 15965K, committed 16000K, reserved 1048576K
}
Event: 3553.271 GC heap after
{Heap after GC invocations=73 (full 0):
 garbage-first heap   total 227328K, used 160744K [0x0000000080000000, 0x0000000100000000)
  region size 1024K, 3 young (3072K), 3 survivors (3072K)
 Metaspace       used 121509K, capacity 124538K, committed 124700K, reserved 1159168K
  class space    used 14921K, capacity 15965K, committed 16000K, reserved 1048576K
}
Event: 3553.763 GC heap before
{Heap before GC invocations=73 (full 0):
 garbage-first heap   total 227328K, used 185320K [0x0000000080000000, 0x0000000100000000)
  region size 1024K, 27 young (27648K), 3 survivors (3072K)
 Metaspace       used 121865K, capacity 124890K, committed 124956K, reserved 1159168K
  class space    used 14945K, capacity 15997K, committed 16000K, reserved 1048576K
}
Event: 3553.775 GC heap after
{Heap after GC invocations=74 (full 0):
 garbage-first heap   total 227328K, used 163371K [0x0000000080000000, 0x0000000100000000)
  region size 1024K, 3 young (3072K), 3 survivors (3072K)
 Metaspace       used 121865K, capacity 124890K, committed 124956K, reserved 1159168K
  class space    used 14945K, capacity 15997K, committed 16000K, reserved 1048576K
}
Event: 3554.006 GC heap before
{Heap before GC invocations=75 (full 0):
 garbage-first heap   total 227328K, used 187947K [0x0000000080000000, 0x0000000100000000)
  region size 1024K, 27 young (27648K), 3 survivors (3072K)
 Metaspace       used 122403K, capacity 125370K, committed 125596K, reserved 1159168K
  class space    used 14985K, capacity 16029K, committed 16128K, reserved 1048576K
}
Event: 3554.014 GC heap after
{Heap after GC invocations=76 (full 0):
 garbage-first heap   total 273408K, used 162348K [0x0000000080000000, 0x0000000100000000)
  region size 1024K, 1 young (1024K), 1 survivors (1024K)
 Metaspace       used 122403K, capacity 125370K, committed 125596K, reserved 1159168K
  class space    used 14985K, capacity 16029K, committed 16128K, reserved 1048576K
}
Event: 3555.338 GC heap before
{Heap before GC invocations=76 (full 0):
 garbage-first heap   total 273408K, used 207404K [0x0000000080000000, 0x0000000100000000)
  region size 1024K, 46 young (47104K), 1 survivors (1024K)
 Metaspace       used 123591K, capacity 126662K, committed 127004K, reserved 1161216K
  class space    used 15102K, capacity 16166K, committed 16256K, reserved 1048576K
}
Event: 3555.343 GC heap after
{Heap after GC invocations=77 (full 0):
 garbage-first heap   total 273408K, used 163381K [0x0000000080000000, 0x0000000100000000)
  region size 1024K, 2 young (2048K), 2 survivors (2048K)
 Metaspace       used 123591K, capacity 126662K, committed 127004K, reserved 1161216K
  class space    used 15102K, capacity 16166K, committed 16256K, reserved 1048576K
}
Event: 3559.439 GC heap before
{Heap before GC invocations=78 (full 0):
 garbage-first heap   total 273408K, used 211509K [0x0000000080000000, 0x0000000100000000)
  region size 1024K, 50 young (51200K), 2 survivors (2048K)
 Metaspace       used 124539K, capacity 127588K, committed 127900K, reserved 1161216K
  class space    used 15200K, capacity 16279K, committed 16384K, reserved 1048576K
}
Event: 3559.448 GC heap after
{Heap after GC invocations=79 (full 0):
 garbage-first heap   total 273408K, used 164600K [0x0000000080000000, 0x0000000100000000)
  region size 1024K, 3 young (3072K), 3 survivors (3072K)
 Metaspace       used 124539K, capacity 127588K, committed 127900K, reserved 1161216K
  class space    used 15200K, capacity 16279K, committed 16384K, reserved 1048576K
}
Event: 3559.904 GC heap before
{Heap before GC invocations=79 (full 0):
 garbage-first heap   total 273408K, used 173816K [0x0000000080000000, 0x0000000100000000)
  region size 1024K, 13 young (13312K), 3 survivors (3072K)
 Metaspace       used 124546K, capacity 127588K, committed 127900K, reserved 1161216K
  class space    used 15200K, capacity 16279K, committed 16384K, reserved 1048576K
}
Event: 3559.914 GC heap after
{Heap after GC invocations=80 (full 0):
 garbage-first heap   total 273408K, used 157397K [0x0000000080000000, 0x0000000100000000)
  region size 1024K, 1 young (1024K), 1 survivors (1024K)
 Metaspace       used 124546K, capacity 127588K, committed 127900K, reserved 1161216K
  class space    used 15200K, capacity 16279K, committed 16384K, reserved 1048576K
}
Event: 3562.621 GC heap before
{Heap before GC invocations=80 (full 0):
 garbage-first heap   total 273408K, used 211669K [0x0000000080000000, 0x0000000100000000)
  region size 1024K, 55 young (56320K), 1 survivors (1024K)
 Metaspace       used 127700K, capacity 130765K, committed 131100K, reserved 1163264K
  class space    used 15600K, capacity 16675K, committed 16768K, reserved 1048576K
}
Event: 3562.633 GC heap after
{Heap after GC invocations=81 (full 0):
 garbage-first heap   total 273408K, used 160388K [0x0000000080000000, 0x0000000100000000)
  region size 1024K, 4 young (4096K), 4 survivors (4096K)
 Metaspace       used 127700K, capacity 130765K, committed 131100K, reserved 1163264K
  class space    used 15600K, capacity 16675K, committed 16768K, reserved 1048576K
}
Event: 3567.311 GC heap before
{Heap before GC invocations=82 (full 0):
 garbage-first heap   total 273408K, used 215684K [0x0000000080000000, 0x0000000100000000)
  region size 1024K, 59 young (60416K), 4 survivors (4096K)
 Metaspace       used 129149K, capacity 132240K, committed 132508K, reserved 1165312K
  class space    used 15763K, capacity 16845K, committed 16896K, reserved 1048576K
}
Event: 3567.332 GC heap after
{Heap after GC invocations=83 (full 0):
 garbage-first heap   total 273408K, used 164158K [0x0000000080000000, 0x0000000100000000)
  region size 1024K, 8 young (8192K), 8 survivors (8192K)
 Metaspace       used 129149K, capacity 132240K, committed 132508K, reserved 1165312K
  class space    used 15763K, capacity 16845K, committed 16896K, reserved 1048576K
}
Event: 3567.401 GC heap before
{Heap before GC invocations=83 (full 0):
 garbage-first heap   total 273408K, used 168254K [0x0000000080000000, 0x0000000100000000)
  region size 1024K, 13 young (13312K), 8 survivors (8192K)
 Metaspace       used 129149K, capacity 132240K, committed 132508K, reserved 1165312K
  class space    used 15763K, capacity 16845K, committed 16896K, reserved 1048576K
}
Event: 3567.422 GC heap after
{Heap after GC invocations=84 (full 0):
 garbage-first heap   total 273408K, used 162568K [0x0000000080000000, 0x0000000100000000)
  region size 1024K, 1 young (1024K), 1 survivors (1024K)
 Metaspace       used 129149K, capacity 132240K, committed 132508K, reserved 1165312K
  class space    used 15763K, capacity 16845K, committed 16896K, reserved 1048576K
}

Deoptimization events (20 events):
Event: 3566.687 Thread 0x0000020b679ef800 Uncommon trap: trap_request=0xffffff4d fr.pc=0x0000020b5680e950 relative=0x00000000000000b0
Event: 3566.687 Thread 0x0000020b679ef800 Uncommon trap: reason=unstable_if action=reinterpret pc=0x0000020b5680e950 method=java.util.stream.AbstractPipeline.spliterator()Ljava/util/Spliterator; @ 27 c2
Event: 3566.687 Thread 0x0000020b679ef800 DEOPT PACKING pc=0x0000020b5680e950 sp=0x0000002ad42fb100
Event: 3566.687 Thread 0x0000020b679ef800 DEOPT UNPACKING pc=0x0000020b4ed1a1af sp=0x0000002ad42fb0a8 mode 2
Event: 3566.908 Thread 0x0000020b67fc7000 Uncommon trap: trap_request=0xffffff4d fr.pc=0x0000020b5747c82c relative=0x00000000000006cc
Event: 3566.908 Thread 0x0000020b67fc7000 Uncommon trap: reason=unstable_if action=reinterpret pc=0x0000020b5747c82c method=java.util.concurrent.FutureTask.awaitDone(ZJ)I @ 23 c2
Event: 3566.908 Thread 0x0000020b67fc7000 DEOPT PACKING pc=0x0000020b5747c82c sp=0x0000002ad25fbdc0
Event: 3566.908 Thread 0x0000020b67fc7000 DEOPT UNPACKING pc=0x0000020b4ed1a1af sp=0x0000002ad25fbd48 mode 2
Event: 3567.461 Thread 0x0000020b679ef800 Uncommon trap: trap_request=0xffffffde fr.pc=0x0000020b57459ccc relative=0x000000000000058c
Event: 3567.461 Thread 0x0000020b679ef800 Uncommon trap: reason=class_check action=maybe_recompile pc=0x0000020b57459ccc method=org.gradle.internal.snapshot.LargeChildMap.withNode(Lorg/gradle/internal/snapshot/VfsRelativePath;Lorg/gradle/internal/snapshot/CaseSensitivity;Lorg/gradle/internal/snap
Event: 3567.461 Thread 0x0000020b679ef800 DEOPT PACKING pc=0x0000020b57459ccc sp=0x0000002ad42fceb0
Event: 3567.461 Thread 0x0000020b679ef800 DEOPT UNPACKING pc=0x0000020b4ed1a1af sp=0x0000002ad42fce70 mode 2
Event: 3567.461 Thread 0x0000020b679ef800 Uncommon trap: trap_request=0xffffffde fr.pc=0x0000020b57459ccc relative=0x000000000000058c
Event: 3567.461 Thread 0x0000020b679ef800 Uncommon trap: reason=class_check action=maybe_recompile pc=0x0000020b57459ccc method=org.gradle.internal.snapshot.LargeChildMap.withNode(Lorg/gradle/internal/snapshot/VfsRelativePath;Lorg/gradle/internal/snapshot/CaseSensitivity;Lorg/gradle/internal/snap
Event: 3567.461 Thread 0x0000020b679ef800 DEOPT PACKING pc=0x0000020b57459ccc sp=0x0000002ad42fceb0
Event: 3567.461 Thread 0x0000020b679ef800 DEOPT UNPACKING pc=0x0000020b4ed1a1af sp=0x0000002ad42fce70 mode 2
Event: 3567.468 Thread 0x0000020b679e3800 Uncommon trap: trap_request=0xffffff4d fr.pc=0x0000020b57288b80 relative=0x0000000000000740
Event: 3567.468 Thread 0x0000020b679e3800 Uncommon trap: reason=unstable_if action=reinterpret pc=0x0000020b57288b80 method=org.gradle.internal.file.FileHierarchySet$Node.isChildOfOrThis(Ljava/lang/String;I)Z @ 101 c2
Event: 3567.468 Thread 0x0000020b679e3800 DEOPT PACKING pc=0x0000020b57288b80 sp=0x0000002ad0efeb20
Event: 3567.468 Thread 0x0000020b679e3800 DEOPT UNPACKING pc=0x0000020b4ed1a1af sp=0x0000002ad0efea88 mode 2

Classes redefined (0 events):
No events

Internal exceptions (20 events):
Event: 3554.660 Thread 0x0000020b6f3ce800 Implicit null exception at 0x0000020b5720adfd to 0x0000020b5720b260
Event: 3554.662 Thread 0x0000020b6f3ce800 Implicit null exception at 0x0000020b5720adfd to 0x0000020b5720b260
Event: 3554.662 Thread 0x0000020b6f3ce800 Implicit null exception at 0x0000020b5720adfd to 0x0000020b5720b260
Event: 3554.662 Thread 0x0000020b6f3ce800 Implicit null exception at 0x0000020b5720adfd to 0x0000020b5720b260
Event: 3555.084 Thread 0x0000020b679ef800 Exception <a 'java/lang/NoSuchMethodError'{0x000000008e729210}: <clinit>> (0x000000008e729210) thrown at [./src/hotspot/share/prims/jni.cpp, line 1366]
Event: 3555.156 Thread 0x0000020b669b6000 Exception <a 'sun/nio/fs/WindowsException'{0x000000008e40dd78}> (0x000000008e40dd78) thrown at [./src/hotspot/share/prims/jni.cpp, line 616]
Event: 3555.159 Thread 0x0000020b669b6000 Exception <a 'sun/nio/fs/WindowsException'{0x000000008e40ed88}> (0x000000008e40ed88) thrown at [./src/hotspot/share/prims/jni.cpp, line 616]
Event: 3555.234 Thread 0x0000020b669b6000 Exception <a 'sun/nio/fs/WindowsException'{0x000000008e21b0e8}> (0x000000008e21b0e8) thrown at [./src/hotspot/share/prims/jni.cpp, line 616]
Event: 3555.234 Thread 0x0000020b669b6000 Exception <a 'sun/nio/fs/WindowsException'{0x000000008e21c1f0}> (0x000000008e21c1f0) thrown at [./src/hotspot/share/prims/jni.cpp, line 616]
Event: 3555.974 Thread 0x0000020b669b6000 Exception <a 'sun/nio/fs/WindowsException'{0x0000000090051238}> (0x0000000090051238) thrown at [./src/hotspot/share/prims/jni.cpp, line 616]
Event: 3555.975 Thread 0x0000020b669b6000 Exception <a 'sun/nio/fs/WindowsException'{0x0000000090052100}> (0x0000000090052100) thrown at [./src/hotspot/share/prims/jni.cpp, line 616]
Event: 3555.975 Thread 0x0000020b669b6000 Exception <a 'sun/nio/fs/WindowsException'{0x0000000090052400}> (0x0000000090052400) thrown at [./src/hotspot/share/prims/jni.cpp, line 616]
Event: 3555.975 Thread 0x0000020b669b6000 Exception <a 'sun/nio/fs/WindowsException'{0x0000000090053290}> (0x0000000090053290) thrown at [./src/hotspot/share/prims/jni.cpp, line 616]
Event: 3555.975 Thread 0x0000020b669b6000 Exception <a 'sun/nio/fs/WindowsException'{0x0000000090053558}> (0x0000000090053558) thrown at [./src/hotspot/share/prims/jni.cpp, line 616]
Event: 3555.975 Thread 0x0000020b669b6000 Exception <a 'sun/nio/fs/WindowsException'{0x00000000900543d0}> (0x00000000900543d0) thrown at [./src/hotspot/share/prims/jni.cpp, line 616]
Event: 3564.470 Thread 0x0000020b669b6000 Exception <a 'java/lang/NoSuchMethodError'{0x000000008f24cdc8}: <clinit>> (0x000000008f24cdc8) thrown at [./src/hotspot/share/prims/jni.cpp, line 1366]
Event: 3567.484 Thread 0x0000020b679ef800 Exception <a 'sun/nio/fs/WindowsException'{0x0000000090674ca0}> (0x0000000090674ca0) thrown at [./src/hotspot/share/prims/jni.cpp, line 616]
Event: 3567.487 Thread 0x0000020b679ef800 Exception <a 'sun/nio/fs/WindowsException'{0x0000000090675b18}> (0x0000000090675b18) thrown at [./src/hotspot/share/prims/jni.cpp, line 616]
Event: 3567.505 Thread 0x0000020b6f3cf800 Exception <a 'sun/nio/fs/WindowsException'{0x00000000904acae0}> (0x00000000904acae0) thrown at [./src/hotspot/share/prims/jni.cpp, line 616]
Event: 3567.505 Thread 0x0000020b6f3cf800 Exception <a 'sun/nio/fs/WindowsException'{0x00000000904acdb8}> (0x00000000904acdb8) thrown at [./src/hotspot/share/prims/jni.cpp, line 616]

Events (20 events):
Event: 3567.526 loading class com/android/tools/build/apkzlib/utils/CachedSupplier done
Event: 3567.526 loading class com/android/tools/build/apkzlib/utils/CachedSupplier
Event: 3567.526 loading class com/android/tools/build/apkzlib/utils/CachedSupplier done
Event: 3567.526 loading class com/google/common/collect/ImmutableSet
Event: 3567.526 loading class com/google/common/collect/ImmutableSet done
Event: 3567.526 loading class com/android/tools/build/apkzlib/utils/CachedSupplier
Event: 3567.526 loading class com/android/tools/build/apkzlib/utils/CachedSupplier done
Event: 3567.528 Thread 0x0000020b6922d000 Thread added: 0x0000020b6922d000
Event: 3567.536 loading class com/android/build/gradle/internal/tasks/MergeJavaResourcesDelegate
Event: 3567.536 loading class com/android/build/gradle/internal/tasks/MergeJavaResourcesDelegate done
Event: 3567.541 loading class com/android/build/gradle/internal/packaging/ParsedPackagingOptions
Event: 3567.541 loading class com/android/build/gradle/internal/packaging/ParsedPackagingOptions done
Event: 3567.543 loading class com/android/build/gradle/internal/packaging/ParsedPackagingOptions$Companion
Event: 3567.543 loading class com/android/build/gradle/internal/packaging/ParsedPackagingOptions$Companion done
Event: 3567.545 loading class com/android/build/gradle/internal/matcher/GlobPathMatcherFactory
Event: 3567.545 loading class com/android/build/gradle/internal/matcher/GlobPathMatcherFactory done
Event: 3567.547 loading class com/android/build/gradle/internal/matcher/GlobPathMatcherFactory$Companion
Event: 3567.547 loading class com/android/build/gradle/internal/matcher/GlobPathMatcherFactory$Companion done
Event: 3567.549 loading class com/android/build/gradle/internal/matcher/NoWildcardPathMatcher
Event: 3567.549 loading class com/android/build/gradle/internal/matcher/NoWildcardPathMatcher done


Dynamic libraries:
0x00007ff7c5010000 - 0x00007ff7c501a000 	C:\Program Files\Android\Android Studio\jre\bin\java.exe
0x00007ffce9e90000 - 0x00007ffcea088000 	C:\Windows\SYSTEM32\ntdll.dll
0x00007ffce9330000 - 0x00007ffce93ed000 	C:\Windows\System32\KERNEL32.DLL
0x00007ffce7940000 - 0x00007ffce7c12000 	C:\Windows\System32\KERNELBASE.dll
0x00007ffce75a0000 - 0x00007ffce76a0000 	C:\Windows\System32\ucrtbase.dll
0x00007ffcc9e30000 - 0x00007ffcc9e47000 	C:\Program Files\Android\Android Studio\jre\bin\VCRUNTIME140.dll
0x00007ffcc9560000 - 0x00007ffcc9579000 	C:\Program Files\Android\Android Studio\jre\bin\jli.dll
0x00007ffce8c20000 - 0x00007ffce8dbd000 	C:\Windows\System32\USER32.dll
0x00007ffce7cd0000 - 0x00007ffce7cf2000 	C:\Windows\System32\win32u.dll
0x00007ffcd3910000 - 0x00007ffcd3baa000 	C:\Windows\WinSxS\amd64_microsoft.windows.common-controls_6595b64144ccf1df_6.0.19041.1110_none_60b5254171f9507e\COMCTL32.dll
0x00007ffce9130000 - 0x00007ffce915b000 	C:\Windows\System32\GDI32.dll
0x00007ffce9020000 - 0x00007ffce90be000 	C:\Windows\System32\msvcrt.dll
0x00007ffce7800000 - 0x00007ffce790f000 	C:\Windows\System32\gdi32full.dll
0x00007ffce7dc0000 - 0x00007ffce7e5d000 	C:\Windows\System32\msvcp_win.dll
0x00007ffce9290000 - 0x00007ffce92c0000 	C:\Windows\System32\IMM32.DLL
0x00007ffcb5d40000 - 0x00007ffcb5ddd000 	C:\Program Files\Android\Android Studio\jre\bin\msvcp140.dll
0x00007ffc92c50000 - 0x00007ffc93752000 	C:\Program Files\Android\Android Studio\jre\bin\server\jvm.dll
0x00007ffce9ba0000 - 0x00007ffce9c4e000 	C:\Windows\System32\ADVAPI32.dll
0x00007ffce7ef0000 - 0x00007ffce7f8c000 	C:\Windows\System32\sechost.dll
0x00007ffce8440000 - 0x00007ffce8565000 	C:\Windows\System32\RPCRT4.dll
0x00007ffce9320000 - 0x00007ffce9328000 	C:\Windows\System32\PSAPI.DLL
0x00007ffcdfbd0000 - 0x00007ffcdfbd9000 	C:\Windows\SYSTEM32\WSOCK32.dll
0x00007ffce90c0000 - 0x00007ffce912b000 	C:\Windows\System32\WS2_32.dll
0x00007ffcd7610000 - 0x00007ffcd7637000 	C:\Windows\SYSTEM32\WINMM.dll
0x00007ffcdfd10000 - 0x00007ffcdfd1a000 	C:\Windows\SYSTEM32\VERSION.dll
0x00007ffce5df0000 - 0x00007ffce5e02000 	C:\Windows\SYSTEM32\kernel.appcore.dll
0x00007ffcdf6a0000 - 0x00007ffcdf6b1000 	C:\Program Files\Android\Android Studio\jre\bin\verify.dll
0x00007ffce5430000 - 0x00007ffce5614000 	C:\Windows\SYSTEM32\DBGHELP.DLL
0x00007ffcd75d0000 - 0x00007ffcd75fc000 	C:\Windows\SYSTEM32\dbgcore.DLL
0x00007ffce7e60000 - 0x00007ffce7ee2000 	C:\Windows\System32\bcryptPrimitives.dll
0x00007ffcdde70000 - 0x00007ffcdde99000 	C:\Program Files\Android\Android Studio\jre\bin\java.dll
0x00007ffcdf690000 - 0x00007ffcdf69b000 	C:\Program Files\Android\Android Studio\jre\bin\jimage.dll
0x00007ffcdeb80000 - 0x00007ffcdeb98000 	C:\Program Files\Android\Android Studio\jre\bin\zip.dll
0x00007ffce93f0000 - 0x00007ffce9b33000 	C:\Windows\System32\SHELL32.dll
0x00007ffce5620000 - 0x00007ffce5db1000 	C:\Windows\SYSTEM32\windows.storage.dll
0x00007ffce80e0000 - 0x00007ffce8434000 	C:\Windows\System32\combase.dll
0x00007ffce6f20000 - 0x00007ffce6f50000 	C:\Windows\SYSTEM32\Wldp.dll
0x00007ffce8f10000 - 0x00007ffce8fbd000 	C:\Windows\System32\SHCORE.dll
0x00007ffce9b40000 - 0x00007ffce9b95000 	C:\Windows\System32\shlwapi.dll
0x00007ffce74e0000 - 0x00007ffce74ff000 	C:\Windows\SYSTEM32\profapi.dll
0x00007ffcdde50000 - 0x00007ffcdde6a000 	C:\Program Files\Android\Android Studio\jre\bin\net.dll
0x00007ffcdc2e0000 - 0x00007ffcdc3ed000 	C:\Windows\SYSTEM32\WINHTTP.dll
0x00007ffce6c80000 - 0x00007ffce6cea000 	C:\Windows\system32\mswsock.dll
0x00007ffcddc80000 - 0x00007ffcddc94000 	C:\Program Files\Android\Android Studio\jre\bin\nio.dll
0x00007ffccb320000 - 0x00007ffccb347000 	C:\Users\PC\.gradle\native\e1d6ef7f7dcc3fd88c89a11ec53ec762bb8ba0a96d01ffa2cd45eb1d1d8dd5c5\windows-amd64\native-platform.dll
0x00007ffcb20a0000 - 0x00007ffcb21e4000 	C:\Users\PC\.gradle\native\0d407fdbe67a94daf76414ababcb853783967236a71b16ec16e742cd7a986fd3\windows-amd64\native-platform-file-events.dll
0x00007ffcdefa0000 - 0x00007ffcdefaa000 	C:\Program Files\Android\Android Studio\jre\bin\management.dll
0x00007ffcdef00000 - 0x00007ffcdef0d000 	C:\Program Files\Android\Android Studio\jre\bin\management_ext.dll
0x00007ffce6e80000 - 0x00007ffce6e98000 	C:\Windows\SYSTEM32\CRYPTSP.dll
0x00007ffce65a0000 - 0x00007ffce65d4000 	C:\Windows\system32\rsaenh.dll
0x00007ffce7910000 - 0x00007ffce7937000 	C:\Windows\System32\bcrypt.dll
0x00007ffce74a0000 - 0x00007ffce74ce000 	C:\Windows\SYSTEM32\USERENV.dll
0x00007ffce6e70000 - 0x00007ffce6e7c000 	C:\Windows\SYSTEM32\CRYPTBASE.dll
0x00007ffce6970000 - 0x00007ffce69ab000 	C:\Windows\SYSTEM32\IPHLPAPI.DLL
0x00007ffce8740000 - 0x00007ffce8748000 	C:\Windows\System32\NSI.dll
0x00007ffcdcd50000 - 0x00007ffcdcd67000 	C:\Windows\SYSTEM32\dhcpcsvc6.DLL
0x00007ffcdcb80000 - 0x00007ffcdcb9d000 	C:\Windows\SYSTEM32\dhcpcsvc.DLL
0x00007ffce69b0000 - 0x00007ffce6a7a000 	C:\Windows\SYSTEM32\DNSAPI.dll
0x00007ffcddc50000 - 0x00007ffcddc77000 	C:\Program Files\Android\Android Studio\jre\bin\sunec.dll
0x00007ffcdc270000 - 0x00007ffcdc27a000 	C:\Windows\System32\rasadhlp.dll
0x00007ffcdc190000 - 0x00007ffcdc210000 	C:\Windows\System32\fwpuclnt.dll
0x00007ffce66c0000 - 0x00007ffce66f3000 	C:\Windows\SYSTEM32\ntmarta.dll

dbghelp: loaded successfully - version: 4.0.5 - missing functions: none
symbol engine: initialized successfully - sym options: 0x614 - pdb path: .;C:\Program Files\Android\Android Studio\jre\bin;C:\Windows\SYSTEM32;C:\Windows\WinSxS\amd64_microsoft.windows.common-controls_6595b64144ccf1df_6.0.19041.1110_none_60b5254171f9507e;C:\Program Files\Android\Android Studio\jre\bin\server;C:\Users\PC\.gradle\native\e1d6ef7f7dcc3fd88c89a11ec53ec762bb8ba0a96d01ffa2cd45eb1d1d8dd5c5\windows-amd64;C:\Users\PC\.gradle\native\0d407fdbe67a94daf76414ababcb853783967236a71b16ec16e742cd7a986fd3\windows-amd64

VM Arguments:
jvm_args: --add-opens=java.base/java.util=ALL-UNNAMED --add-opens=java.base/java.lang=ALL-UNNAMED --add-opens=java.base/java.lang.invoke=ALL-UNNAMED --add-opens=java.base/java.util=ALL-UNNAMED --add-opens=java.prefs/java.util.prefs=ALL-UNNAMED --add-opens=java.prefs/java.util.prefs=ALL-UNNAMED --add-opens=java.base/java.nio.charset=ALL-UNNAMED --add-opens=java.base/java.net=ALL-UNNAMED --add-opens=java.base/java.util.concurrent.atomic=ALL-UNNAMED -Xmx2048m -Dfile.encoding=UTF-8 -Duser.country=US -Duser.language=en -Duser.variant 
java_command: org.gradle.launcher.daemon.bootstrap.GradleDaemon 7.4
java_class_path (initial): C:\Users\PC\.gradle\wrapper\dists\gradle-7.4-bin\c0gwcg53nkjbqw7r0h0umtfvt\gradle-7.4\lib\gradle-launcher-7.4.jar
Launcher Type: SUN_STANDARD

[Global flags]
     intx CICompilerCount                          = 3                                         {product} {ergonomic}
     uint ConcGCThreads                            = 1                                         {product} {ergonomic}
     uint G1ConcRefinementThreads                  = 4                                         {product} {ergonomic}
   size_t G1HeapRegionSize                         = 1048576                                   {product} {ergonomic}
    uintx GCDrainStackTargetSize                   = 64                                        {product} {ergonomic}
   size_t InitialHeapSize                          = 134217728                                 {product} {ergonomic}
   size_t MarkStackSize                            = 4194304                                   {product} {ergonomic}
   size_t MaxHeapSize                              = 2147483648                                {product} {command line}
   size_t MaxNewSize                               = 1287651328                                {product} {ergonomic}
   size_t MinHeapDeltaBytes                        = 1048576                                   {product} {ergonomic}
    uintx NonNMethodCodeHeapSize                   = 5830732                                {pd product} {ergonomic}
    uintx NonProfiledCodeHeapSize                  = 122913754                              {pd product} {ergonomic}
    uintx ProfiledCodeHeapSize                     = 122913754                              {pd product} {ergonomic}
    uintx ReservedCodeCacheSize                    = 251658240                              {pd product} {ergonomic}
     bool SegmentedCodeCache                       = true                                      {product} {ergonomic}
     bool UseCompressedClassPointers               = true                                 {lp64_product} {ergonomic}
     bool UseCompressedOops                        = true                                 {lp64_product} {ergonomic}
     bool UseG1GC                                  = true                                      {product} {ergonomic}
     bool UseLargePagesIndividualAllocation        = false                                  {pd product} {ergonomic}

Logging:
Log output configuration:
 #0: stdout all=warning uptime,level,tags
 #1: stderr all=off uptime,level,tags

Environment Variables:
JAVA_HOME=C:\Program Files\Java\jdk-19
PATH=C:\Program Files\Common Files\Oracle\Java\javapath;C:\Windows\system32;C:\Windows;C:\Windows\System32\Wbem;C:\Windows\System32\WindowsPowerShell\v1.0\;C:\Windows\System32\OpenSSH\;C:\Program Files\dotnet\;C:\Program Files\Microsoft SQL Server\Client SDK\ODBC\170\Tools\Binn\;C:\Program Files (x86)\Intel\Intel(R) Management Engine Components\DAL;C:\Program Files\Intel\Intel(R) Management Engine Components\DAL;C:\Users\PC\AppData\Local\Programs\Python\Python310\;C:\Program Files\nodejs\;C:\Program Files\Git\cmd;C:\Program Files\Java\jdk-19\bin;C:\Program Files\Microsoft SQL Server\130\Tools\Binn\;C:\Program Files\Microsoft SQL Server\150\Tools\Binn\;C:\Users\PC\AppData\Local\Microsoft\WindowsApps;C:\Users\PC\.dotnet\tools;C:\Program Files\JetBrains\IntelliJ IDEA Community Edition 2021.2.2\bin;C:\Users\PC\AppData\Local\atom\bin;C:\Program Files (x86)\SSH Communications Security\SSH Secure Shell;C:\Users\PC\AppData\Local\Programs\Python\Python310\;C:\Users\PC\AppData\Local\Programs\Python\Python310\Scripts;C:\Users\PC\AppData\Local\Programs\Microsoft VS Code\bin;C:\Users\PC\AppData\Roaming\npm;C:\Users\PC\AppData\Local\GitHubDesktop\bin;C:\Program Files\heroku\bin;C:\Program Files\Java\jdk-19;C:\Users\PC\.dotnet\tools
USERNAME=PC
OS=Windows_NT
PROCESSOR_IDENTIFIER=Intel64 Family 6 Model 78 Stepping 3, GenuineIntel



---------------  S Y S T E M  ---------------

OS: Windows 10 , 64 bit Build 19041 (10.0.19041.1889)
OS uptime: 4 days 5:37 hours

CPU:total 4 (initial active 4) (2 cores per cpu, 2 threads per core) family 6 model 78 stepping 3 microcode 0xcc, cmov, cx8, fxsr, mmx, sse, sse2, sse3, ssse3, sse4.1, sse4.2, popcnt, avx, avx2, aes, clmul, erms, rtm, 3dnowpref, lzcnt, ht, tsc, tscinvbit, bmi1, bmi2, adx, fma

Memory: 4k page, system-wide physical 8072M (445M free)
TotalPageFile size 10120M (AvailPageFile size 0M)
current process WorkingSet (physical memory assigned to process): 490M, peak: 613M
current process commit charge ("private bytes"): 631M, peak: 673M

vm_info: OpenJDK 64-Bit Server VM (11.0.13+0-b1751.21-8125866) for windows-amd64 JRE (11.0.13+0-b1751.21-8125866), built on Feb  2 2022 03:00:22 by "builder" with MS VC++ 14.0 (VS2015)

END.
